INFO:2025-03-03 19:43:43,067: - root - : cora_0.1_GCN_edge_0.05
INFO:2025-03-03 19:43:43,071: - data_store - : folder temp_data/processed_data/cora exists, do not need to create again.
INFO:2025-03-03 19:43:43,072: - data_store - : folder temp_data/models/cora exists, do not need to create again.
INFO:2025-03-03 19:43:43,073: - data_store - : folder temp_data/analysis_data/optimal/cora exists, do not need to create again.
INFO:2025-03-03 19:43:43,073: - data_store - : folder temp_data/analysis_data/posteriors/cora exists, do not need to create again.
INFO:2025-03-03 19:43:43,073: - data_store - : loading raw data
INFO:2025-03-03 19:43:43,081: - ExpGraphInfluenceFunction - : splitting train/test data
INFO:2025-03-03 19:43:43,082: - data_store - : saving train test split data
DEBUG:2025-03-03 19:43:43,084: - ExpGraphInfluenceFunction - : Train data  #.Nodes: 2708.000000, #.Edges: 10556.000000
INFO:2025-03-03 19:43:43,089: - ExpGraphInfluenceFunction - : target model: GCN
INFO:2025-03-03 19:43:43,089: - node_classifier - : target model: GCN
INFO:2025-03-03 19:43:44,378: - ExpGraphInfluenceFunction - : Run 0.000000
INFO:2025-03-03 19:43:44,378: - ExpGraphInfluenceFunction - : training target models, run 0
INFO:2025-03-03 19:43:44,378: - node_classifier - : training model
INFO:2025-03-03 19:43:44,481: - node_classifier - : generate train loader
INFO:2025-03-03 19:43:44,486: - node_classifier - : generate train loader finish
INFO:2025-03-03 19:43:44,486: - node_classifier - : epoch 0
INFO:2025-03-03 19:43:45,107: - node_classifier - : Train: 0.4690, Test: 0.4686
INFO:2025-03-03 19:43:45,108: - node_classifier - : epoch 1
INFO:2025-03-03 19:43:45,162: - node_classifier - : Train: 0.5691, Test: 0.5683
INFO:2025-03-03 19:43:45,162: - node_classifier - : epoch 2
INFO:2025-03-03 19:43:45,217: - node_classifier - : Train: 0.6951, Test: 0.6900
INFO:2025-03-03 19:43:45,217: - node_classifier - : epoch 3
INFO:2025-03-03 19:43:45,269: - node_classifier - : Train: 0.7481, Test: 0.7343
INFO:2025-03-03 19:43:45,269: - node_classifier - : epoch 4
INFO:2025-03-03 19:43:45,321: - node_classifier - : Train: 0.7846, Test: 0.7860
INFO:2025-03-03 19:43:45,322: - node_classifier - : epoch 5
INFO:2025-03-03 19:43:45,374: - node_classifier - : Train: 0.7977, Test: 0.8081
INFO:2025-03-03 19:43:45,375: - node_classifier - : epoch 6
INFO:2025-03-03 19:43:45,430: - node_classifier - : Train: 0.8121, Test: 0.8044
INFO:2025-03-03 19:43:45,430: - node_classifier - : epoch 7
INFO:2025-03-03 19:43:45,485: - node_classifier - : Train: 0.8285, Test: 0.8118
INFO:2025-03-03 19:43:45,485: - node_classifier - : epoch 8
INFO:2025-03-03 19:43:45,540: - node_classifier - : Train: 0.8441, Test: 0.8229
INFO:2025-03-03 19:43:45,541: - node_classifier - : epoch 9
INFO:2025-03-03 19:43:45,596: - node_classifier - : Train: 0.8588, Test: 0.8266
INFO:2025-03-03 19:43:45,597: - node_classifier - : epoch 10
INFO:2025-03-03 19:43:45,654: - node_classifier - : Train: 0.8642, Test: 0.8339
INFO:2025-03-03 19:43:45,655: - node_classifier - : epoch 11
INFO:2025-03-03 19:43:45,709: - node_classifier - : Train: 0.8634, Test: 0.8339
INFO:2025-03-03 19:43:45,709: - node_classifier - : epoch 12
INFO:2025-03-03 19:43:45,765: - node_classifier - : Train: 0.8769, Test: 0.8155
INFO:2025-03-03 19:43:45,766: - node_classifier - : epoch 13
INFO:2025-03-03 19:43:45,823: - node_classifier - : Train: 0.8646, Test: 0.8450
INFO:2025-03-03 19:43:45,824: - node_classifier - : epoch 14
INFO:2025-03-03 19:43:45,878: - node_classifier - : Train: 0.8744, Test: 0.8376
INFO:2025-03-03 19:43:45,879: - node_classifier - : epoch 15
INFO:2025-03-03 19:43:45,933: - node_classifier - : Train: 0.8810, Test: 0.8266
INFO:2025-03-03 19:43:45,933: - node_classifier - : epoch 16
INFO:2025-03-03 19:43:45,989: - node_classifier - : Train: 0.8753, Test: 0.8303
INFO:2025-03-03 19:43:45,990: - node_classifier - : epoch 17
INFO:2025-03-03 19:43:46,045: - node_classifier - : Train: 0.8818, Test: 0.8303
INFO:2025-03-03 19:43:46,045: - node_classifier - : epoch 18
INFO:2025-03-03 19:43:46,102: - node_classifier - : Train: 0.8736, Test: 0.8303
INFO:2025-03-03 19:43:46,103: - node_classifier - : epoch 19
INFO:2025-03-03 19:43:46,156: - node_classifier - : Train: 0.8851, Test: 0.8413
INFO:2025-03-03 19:43:46,157: - node_classifier - : epoch 20
INFO:2025-03-03 19:43:46,212: - node_classifier - : Train: 0.8843, Test: 0.8524
INFO:2025-03-03 19:43:46,213: - node_classifier - : epoch 21
INFO:2025-03-03 19:43:46,269: - node_classifier - : Train: 0.8847, Test: 0.8487
INFO:2025-03-03 19:43:46,269: - node_classifier - : epoch 22
INFO:2025-03-03 19:43:46,325: - node_classifier - : Train: 0.8851, Test: 0.8413
INFO:2025-03-03 19:43:46,326: - node_classifier - : epoch 23
INFO:2025-03-03 19:43:46,384: - node_classifier - : Train: 0.8863, Test: 0.8339
INFO:2025-03-03 19:43:46,384: - node_classifier - : epoch 24
INFO:2025-03-03 19:43:46,444: - node_classifier - : Train: 0.8892, Test: 0.8413
INFO:2025-03-03 19:43:46,445: - node_classifier - : epoch 25
INFO:2025-03-03 19:43:46,501: - node_classifier - : Train: 0.8896, Test: 0.8376
INFO:2025-03-03 19:43:46,501: - node_classifier - : epoch 26
INFO:2025-03-03 19:43:46,555: - node_classifier - : Train: 0.8892, Test: 0.8376
INFO:2025-03-03 19:43:46,555: - node_classifier - : epoch 27
INFO:2025-03-03 19:43:46,611: - node_classifier - : Train: 0.8929, Test: 0.8376
INFO:2025-03-03 19:43:46,611: - node_classifier - : epoch 28
INFO:2025-03-03 19:43:46,666: - node_classifier - : Train: 0.8892, Test: 0.8413
INFO:2025-03-03 19:43:46,667: - node_classifier - : epoch 29
INFO:2025-03-03 19:43:46,721: - node_classifier - : Train: 0.8929, Test: 0.8376
INFO:2025-03-03 19:43:46,721: - node_classifier - : epoch 30
INFO:2025-03-03 19:43:46,774: - node_classifier - : Train: 0.8892, Test: 0.8303
INFO:2025-03-03 19:43:46,775: - node_classifier - : epoch 31
INFO:2025-03-03 19:43:46,828: - node_classifier - : Train: 0.8950, Test: 0.8450
INFO:2025-03-03 19:43:46,829: - node_classifier - : epoch 32
INFO:2025-03-03 19:43:46,882: - node_classifier - : Train: 0.8921, Test: 0.8450
INFO:2025-03-03 19:43:46,882: - node_classifier - : epoch 33
INFO:2025-03-03 19:43:46,934: - node_classifier - : Train: 0.8962, Test: 0.8450
INFO:2025-03-03 19:43:46,934: - node_classifier - : epoch 34
INFO:2025-03-03 19:43:46,986: - node_classifier - : Train: 0.8978, Test: 0.8450
INFO:2025-03-03 19:43:46,986: - node_classifier - : epoch 35
INFO:2025-03-03 19:43:47,042: - node_classifier - : Train: 0.8921, Test: 0.8561
INFO:2025-03-03 19:43:47,042: - node_classifier - : epoch 36
INFO:2025-03-03 19:43:47,095: - node_classifier - : Train: 0.8929, Test: 0.8266
INFO:2025-03-03 19:43:47,096: - node_classifier - : epoch 37
INFO:2025-03-03 19:43:47,152: - node_classifier - : Train: 0.8929, Test: 0.8450
INFO:2025-03-03 19:43:47,152: - node_classifier - : epoch 38
INFO:2025-03-03 19:43:47,206: - node_classifier - : Train: 0.8954, Test: 0.8450
INFO:2025-03-03 19:43:47,207: - node_classifier - : epoch 39
INFO:2025-03-03 19:43:47,261: - node_classifier - : Train: 0.8913, Test: 0.8487
INFO:2025-03-03 19:43:47,261: - node_classifier - : epoch 40
INFO:2025-03-03 19:43:47,315: - node_classifier - : Train: 0.8974, Test: 0.8487
INFO:2025-03-03 19:43:47,316: - node_classifier - : epoch 41
INFO:2025-03-03 19:43:47,367: - node_classifier - : Train: 0.8908, Test: 0.8413
INFO:2025-03-03 19:43:47,367: - node_classifier - : epoch 42
INFO:2025-03-03 19:43:47,419: - node_classifier - : Train: 0.8954, Test: 0.8339
INFO:2025-03-03 19:43:47,419: - node_classifier - : epoch 43
INFO:2025-03-03 19:43:47,472: - node_classifier - : Train: 0.8950, Test: 0.8450
INFO:2025-03-03 19:43:47,472: - node_classifier - : epoch 44
INFO:2025-03-03 19:43:47,528: - node_classifier - : Train: 0.8958, Test: 0.8524
INFO:2025-03-03 19:43:47,528: - node_classifier - : epoch 45
INFO:2025-03-03 19:43:47,584: - node_classifier - : Train: 0.8978, Test: 0.8450
INFO:2025-03-03 19:43:47,585: - node_classifier - : epoch 46
INFO:2025-03-03 19:43:47,637: - node_classifier - : Train: 0.8978, Test: 0.8376
INFO:2025-03-03 19:43:47,637: - node_classifier - : epoch 47
INFO:2025-03-03 19:43:47,692: - node_classifier - : Train: 0.8974, Test: 0.8339
INFO:2025-03-03 19:43:47,692: - node_classifier - : epoch 48
INFO:2025-03-03 19:43:47,748: - node_classifier - : Train: 0.8896, Test: 0.8450
INFO:2025-03-03 19:43:47,748: - node_classifier - : epoch 49
INFO:2025-03-03 19:43:47,802: - node_classifier - : Train: 0.8962, Test: 0.8450
INFO:2025-03-03 19:43:47,802: - node_classifier - : epoch 50
INFO:2025-03-03 19:43:47,854: - node_classifier - : Train: 0.8962, Test: 0.8561
INFO:2025-03-03 19:43:47,855: - node_classifier - : epoch 51
INFO:2025-03-03 19:43:47,907: - node_classifier - : Train: 0.8933, Test: 0.8487
INFO:2025-03-03 19:43:47,907: - node_classifier - : epoch 52
INFO:2025-03-03 19:43:47,959: - node_classifier - : Train: 0.9011, Test: 0.8487
INFO:2025-03-03 19:43:47,960: - node_classifier - : epoch 53
INFO:2025-03-03 19:43:48,011: - node_classifier - : Train: 0.8933, Test: 0.8303
INFO:2025-03-03 19:43:48,011: - node_classifier - : epoch 54
INFO:2025-03-03 19:43:48,062: - node_classifier - : Train: 0.8999, Test: 0.8376
INFO:2025-03-03 19:43:48,063: - node_classifier - : epoch 55
INFO:2025-03-03 19:43:48,112: - node_classifier - : Train: 0.8982, Test: 0.8561
INFO:2025-03-03 19:43:48,113: - node_classifier - : epoch 56
INFO:2025-03-03 19:43:48,165: - node_classifier - : Train: 0.9015, Test: 0.8561
INFO:2025-03-03 19:43:48,165: - node_classifier - : epoch 57
INFO:2025-03-03 19:43:48,218: - node_classifier - : Train: 0.8982, Test: 0.8487
INFO:2025-03-03 19:43:48,219: - node_classifier - : epoch 58
INFO:2025-03-03 19:43:48,272: - node_classifier - : Train: 0.8966, Test: 0.8413
INFO:2025-03-03 19:43:48,272: - node_classifier - : epoch 59
INFO:2025-03-03 19:43:48,327: - node_classifier - : Train: 0.8991, Test: 0.8487
INFO:2025-03-03 19:43:48,327: - node_classifier - : epoch 60
INFO:2025-03-03 19:43:48,382: - node_classifier - : Train: 0.8982, Test: 0.8487
INFO:2025-03-03 19:43:48,382: - node_classifier - : epoch 61
INFO:2025-03-03 19:43:48,437: - node_classifier - : Train: 0.8978, Test: 0.8339
INFO:2025-03-03 19:43:48,437: - node_classifier - : epoch 62
INFO:2025-03-03 19:43:48,495: - node_classifier - : Train: 0.8982, Test: 0.8561
INFO:2025-03-03 19:43:48,495: - node_classifier - : epoch 63
INFO:2025-03-03 19:43:48,550: - node_classifier - : Train: 0.8995, Test: 0.8561
INFO:2025-03-03 19:43:48,551: - node_classifier - : epoch 64
INFO:2025-03-03 19:43:48,606: - node_classifier - : Train: 0.8954, Test: 0.8487
INFO:2025-03-03 19:43:48,606: - node_classifier - : epoch 65
INFO:2025-03-03 19:43:48,661: - node_classifier - : Train: 0.8999, Test: 0.8303
INFO:2025-03-03 19:43:48,661: - node_classifier - : epoch 66
INFO:2025-03-03 19:43:48,715: - node_classifier - : Train: 0.8986, Test: 0.8561
INFO:2025-03-03 19:43:48,715: - node_classifier - : epoch 67
INFO:2025-03-03 19:43:48,769: - node_classifier - : Train: 0.9023, Test: 0.8561
INFO:2025-03-03 19:43:48,770: - node_classifier - : epoch 68
INFO:2025-03-03 19:43:48,824: - node_classifier - : Train: 0.8991, Test: 0.8487
INFO:2025-03-03 19:43:48,824: - node_classifier - : epoch 69
INFO:2025-03-03 19:43:48,876: - node_classifier - : Train: 0.9007, Test: 0.8487
INFO:2025-03-03 19:43:48,877: - node_classifier - : epoch 70
INFO:2025-03-03 19:43:48,927: - node_classifier - : Train: 0.9027, Test: 0.8487
INFO:2025-03-03 19:43:48,928: - node_classifier - : epoch 71
INFO:2025-03-03 19:43:48,980: - node_classifier - : Train: 0.8978, Test: 0.8450
INFO:2025-03-03 19:43:48,980: - node_classifier - : epoch 72
INFO:2025-03-03 19:43:49,030: - node_classifier - : Train: 0.9040, Test: 0.8339
INFO:2025-03-03 19:43:49,031: - node_classifier - : epoch 73
INFO:2025-03-03 19:43:49,083: - node_classifier - : Train: 0.9007, Test: 0.8413
INFO:2025-03-03 19:43:49,084: - node_classifier - : epoch 74
INFO:2025-03-03 19:43:49,135: - node_classifier - : Train: 0.8991, Test: 0.8413
INFO:2025-03-03 19:43:49,135: - node_classifier - : epoch 75
INFO:2025-03-03 19:43:49,188: - node_classifier - : Train: 0.8974, Test: 0.8339
INFO:2025-03-03 19:43:49,188: - node_classifier - : epoch 76
INFO:2025-03-03 19:43:49,240: - node_classifier - : Train: 0.8945, Test: 0.8524
INFO:2025-03-03 19:43:49,241: - node_classifier - : epoch 77
INFO:2025-03-03 19:43:49,296: - node_classifier - : Train: 0.8982, Test: 0.8413
INFO:2025-03-03 19:43:49,297: - node_classifier - : epoch 78
INFO:2025-03-03 19:43:49,348: - node_classifier - : Train: 0.8978, Test: 0.8598
INFO:2025-03-03 19:43:49,349: - node_classifier - : epoch 79
INFO:2025-03-03 19:43:49,401: - node_classifier - : Train: 0.8986, Test: 0.8487
INFO:2025-03-03 19:43:49,401: - node_classifier - : epoch 80
INFO:2025-03-03 19:43:49,490: - node_classifier - : Train: 0.9027, Test: 0.8487
INFO:2025-03-03 19:43:49,491: - node_classifier - : epoch 81
INFO:2025-03-03 19:43:49,545: - node_classifier - : Train: 0.8986, Test: 0.8598
INFO:2025-03-03 19:43:49,546: - node_classifier - : epoch 82
INFO:2025-03-03 19:43:49,600: - node_classifier - : Train: 0.9048, Test: 0.8487
INFO:2025-03-03 19:43:49,600: - node_classifier - : epoch 83
INFO:2025-03-03 19:43:49,655: - node_classifier - : Train: 0.8978, Test: 0.8376
INFO:2025-03-03 19:43:49,655: - node_classifier - : epoch 84
INFO:2025-03-03 19:43:49,706: - node_classifier - : Train: 0.9052, Test: 0.8450
INFO:2025-03-03 19:43:49,706: - node_classifier - : epoch 85
INFO:2025-03-03 19:43:49,759: - node_classifier - : Train: 0.8999, Test: 0.8524
INFO:2025-03-03 19:43:49,760: - node_classifier - : epoch 86
INFO:2025-03-03 19:43:49,812: - node_classifier - : Train: 0.9007, Test: 0.8413
INFO:2025-03-03 19:43:49,812: - node_classifier - : epoch 87
INFO:2025-03-03 19:43:49,867: - node_classifier - : Train: 0.9048, Test: 0.8561
INFO:2025-03-03 19:43:49,867: - node_classifier - : epoch 88
INFO:2025-03-03 19:43:49,921: - node_classifier - : Train: 0.9015, Test: 0.8524
INFO:2025-03-03 19:43:49,921: - node_classifier - : epoch 89
INFO:2025-03-03 19:43:49,976: - node_classifier - : Train: 0.9032, Test: 0.8598
INFO:2025-03-03 19:43:49,976: - node_classifier - : epoch 90
INFO:2025-03-03 19:43:50,030: - node_classifier - : Train: 0.8933, Test: 0.8303
INFO:2025-03-03 19:43:50,030: - node_classifier - : epoch 91
INFO:2025-03-03 19:43:50,087: - node_classifier - : Train: 0.9011, Test: 0.8450
INFO:2025-03-03 19:43:50,087: - node_classifier - : epoch 92
INFO:2025-03-03 19:43:50,144: - node_classifier - : Train: 0.8945, Test: 0.8339
INFO:2025-03-03 19:43:50,144: - node_classifier - : epoch 93
INFO:2025-03-03 19:43:50,209: - node_classifier - : Train: 0.9032, Test: 0.8266
INFO:2025-03-03 19:43:50,210: - node_classifier - : epoch 94
INFO:2025-03-03 19:43:50,271: - node_classifier - : Train: 0.9015, Test: 0.8339
INFO:2025-03-03 19:43:50,272: - node_classifier - : epoch 95
INFO:2025-03-03 19:43:50,334: - node_classifier - : Train: 0.8991, Test: 0.8339
INFO:2025-03-03 19:43:50,335: - node_classifier - : epoch 96
INFO:2025-03-03 19:43:50,395: - node_classifier - : Train: 0.9019, Test: 0.8376
INFO:2025-03-03 19:43:50,395: - node_classifier - : epoch 97
INFO:2025-03-03 19:43:50,456: - node_classifier - : Train: 0.8991, Test: 0.8487
INFO:2025-03-03 19:43:50,457: - node_classifier - : epoch 98
INFO:2025-03-03 19:43:50,517: - node_classifier - : Train: 0.9015, Test: 0.8339
INFO:2025-03-03 19:43:50,517: - node_classifier - : epoch 99
INFO:2025-03-03 19:43:50,616: - node_classifier - : Train: 0.9027, Test: 0.8339
INFO:2025-03-03 19:43:50,635: - ExpGraphInfluenceFunction - : Model training time: 6.257243394851685
INFO:2025-03-03 19:43:50,636: - ExpGraphInfluenceFunction - : model evaluation
DEBUG:2025-03-03 19:43:50,636: - node_classifier - : generating posteriors
INFO:2025-03-03 19:43:50,692: - ExpGraphInfluenceFunction - : Evaluation cost 0.05550885200500488 seconds.
INFO:2025-03-03 19:43:50,693: - ExpGraphInfluenceFunction - : Final Test F1: 0.8339483394833949
INFO:2025-03-03 19:43:50,693: - ExpGraphInfluenceFunction - : Final Test Accuracy: 0.8339483394833949
INFO:2025-03-03 19:43:50,693: - ExpGraphInfluenceFunction - : Final Test Recall: 0.8339483394833949
INFO:2025-03-03 19:43:50,693: - ExpGraphInfluenceFunction - : Final Test Precision: 0.8339483394833949
DEBUG:2025-03-03 19:43:50,845: - node_classifier - : generating posteriors
INFO:2025-03-03 19:43:50,893: - ExpGraphInfluenceFunction - : Run 1.000000
INFO:2025-03-03 19:43:50,893: - ExpGraphInfluenceFunction - : training target models, run 1
INFO:2025-03-03 19:43:50,893: - node_classifier - : training model
INFO:2025-03-03 19:43:50,894: - node_classifier - : generate train loader
INFO:2025-03-03 19:43:50,897: - node_classifier - : generate train loader finish
INFO:2025-03-03 19:43:50,897: - node_classifier - : epoch 0
INFO:2025-03-03 19:43:50,954: - node_classifier - : Train: 0.4276, Test: 0.4133
INFO:2025-03-03 19:43:50,955: - node_classifier - : epoch 1
INFO:2025-03-03 19:43:51,008: - node_classifier - : Train: 0.4518, Test: 0.4317
INFO:2025-03-03 19:43:51,008: - node_classifier - : epoch 2
INFO:2025-03-03 19:43:51,064: - node_classifier - : Train: 0.5835, Test: 0.5646
INFO:2025-03-03 19:43:51,065: - node_classifier - : epoch 3
INFO:2025-03-03 19:43:51,121: - node_classifier - : Train: 0.7673, Test: 0.7897
INFO:2025-03-03 19:43:51,121: - node_classifier - : epoch 4
INFO:2025-03-03 19:43:51,178: - node_classifier - : Train: 0.8211, Test: 0.8266
INFO:2025-03-03 19:43:51,178: - node_classifier - : epoch 5
INFO:2025-03-03 19:43:51,233: - node_classifier - : Train: 0.8465, Test: 0.8450
INFO:2025-03-03 19:43:51,233: - node_classifier - : epoch 6
INFO:2025-03-03 19:43:51,286: - node_classifier - : Train: 0.8560, Test: 0.8450
INFO:2025-03-03 19:43:51,287: - node_classifier - : epoch 7
INFO:2025-03-03 19:43:51,344: - node_classifier - : Train: 0.8646, Test: 0.8487
INFO:2025-03-03 19:43:51,344: - node_classifier - : epoch 8
INFO:2025-03-03 19:43:51,397: - node_classifier - : Train: 0.8695, Test: 0.8376
INFO:2025-03-03 19:43:51,397: - node_classifier - : epoch 9
INFO:2025-03-03 19:43:51,451: - node_classifier - : Train: 0.8670, Test: 0.8413
INFO:2025-03-03 19:43:51,451: - node_classifier - : epoch 10
INFO:2025-03-03 19:43:51,508: - node_classifier - : Train: 0.8736, Test: 0.8266
INFO:2025-03-03 19:43:51,508: - node_classifier - : epoch 11
INFO:2025-03-03 19:43:51,562: - node_classifier - : Train: 0.8740, Test: 0.8155
INFO:2025-03-03 19:43:51,562: - node_classifier - : epoch 12
INFO:2025-03-03 19:43:51,618: - node_classifier - : Train: 0.8761, Test: 0.8561
INFO:2025-03-03 19:43:51,618: - node_classifier - : epoch 13
INFO:2025-03-03 19:43:51,671: - node_classifier - : Train: 0.8794, Test: 0.8450
INFO:2025-03-03 19:43:51,672: - node_classifier - : epoch 14
INFO:2025-03-03 19:43:51,734: - node_classifier - : Train: 0.8785, Test: 0.8229
INFO:2025-03-03 19:43:51,734: - node_classifier - : epoch 15
INFO:2025-03-03 19:43:51,787: - node_classifier - : Train: 0.8773, Test: 0.8524
INFO:2025-03-03 19:43:51,788: - node_classifier - : epoch 16
INFO:2025-03-03 19:43:51,840: - node_classifier - : Train: 0.8822, Test: 0.8413
INFO:2025-03-03 19:43:51,841: - node_classifier - : epoch 17
INFO:2025-03-03 19:43:51,895: - node_classifier - : Train: 0.8876, Test: 0.8266
INFO:2025-03-03 19:43:51,895: - node_classifier - : epoch 18
INFO:2025-03-03 19:43:51,947: - node_classifier - : Train: 0.8789, Test: 0.8303
INFO:2025-03-03 19:43:51,948: - node_classifier - : epoch 19
INFO:2025-03-03 19:43:52,005: - node_classifier - : Train: 0.8867, Test: 0.8450
INFO:2025-03-03 19:43:52,006: - node_classifier - : epoch 20
INFO:2025-03-03 19:43:52,064: - node_classifier - : Train: 0.8863, Test: 0.8339
INFO:2025-03-03 19:43:52,064: - node_classifier - : epoch 21
INFO:2025-03-03 19:43:52,125: - node_classifier - : Train: 0.8839, Test: 0.8303
INFO:2025-03-03 19:43:52,125: - node_classifier - : epoch 22
INFO:2025-03-03 19:43:52,186: - node_classifier - : Train: 0.8876, Test: 0.8339
INFO:2025-03-03 19:43:52,187: - node_classifier - : epoch 23
INFO:2025-03-03 19:43:52,243: - node_classifier - : Train: 0.8888, Test: 0.8376
INFO:2025-03-03 19:43:52,244: - node_classifier - : epoch 24
INFO:2025-03-03 19:43:52,303: - node_classifier - : Train: 0.8900, Test: 0.8303
INFO:2025-03-03 19:43:52,304: - node_classifier - : epoch 25
INFO:2025-03-03 19:43:52,359: - node_classifier - : Train: 0.8896, Test: 0.8339
INFO:2025-03-03 19:43:52,359: - node_classifier - : epoch 26
INFO:2025-03-03 19:43:52,412: - node_classifier - : Train: 0.8855, Test: 0.8339
INFO:2025-03-03 19:43:52,413: - node_classifier - : epoch 27
INFO:2025-03-03 19:43:52,472: - node_classifier - : Train: 0.8908, Test: 0.8303
INFO:2025-03-03 19:43:52,472: - node_classifier - : epoch 28
INFO:2025-03-03 19:43:52,529: - node_classifier - : Train: 0.8892, Test: 0.8339
INFO:2025-03-03 19:43:52,530: - node_classifier - : epoch 29
INFO:2025-03-03 19:43:52,587: - node_classifier - : Train: 0.8929, Test: 0.8413
INFO:2025-03-03 19:43:52,588: - node_classifier - : epoch 30
INFO:2025-03-03 19:43:52,644: - node_classifier - : Train: 0.8929, Test: 0.8266
INFO:2025-03-03 19:43:52,645: - node_classifier - : epoch 31
INFO:2025-03-03 19:43:52,699: - node_classifier - : Train: 0.8974, Test: 0.8339
INFO:2025-03-03 19:43:52,700: - node_classifier - : epoch 32
INFO:2025-03-03 19:43:52,758: - node_classifier - : Train: 0.8974, Test: 0.8413
INFO:2025-03-03 19:43:52,758: - node_classifier - : epoch 33
INFO:2025-03-03 19:43:52,816: - node_classifier - : Train: 0.8966, Test: 0.8524
INFO:2025-03-03 19:43:52,816: - node_classifier - : epoch 34
INFO:2025-03-03 19:43:52,883: - node_classifier - : Train: 0.8974, Test: 0.8450
INFO:2025-03-03 19:43:52,883: - node_classifier - : epoch 35
INFO:2025-03-03 19:43:52,968: - node_classifier - : Train: 0.8950, Test: 0.8487
INFO:2025-03-03 19:43:52,969: - node_classifier - : epoch 36
INFO:2025-03-03 19:43:53,043: - node_classifier - : Train: 0.8950, Test: 0.8450
INFO:2025-03-03 19:43:53,044: - node_classifier - : epoch 37
INFO:2025-03-03 19:43:53,108: - node_classifier - : Train: 0.8962, Test: 0.8339
INFO:2025-03-03 19:43:53,109: - node_classifier - : epoch 38
INFO:2025-03-03 19:43:53,178: - node_classifier - : Train: 0.9015, Test: 0.8376
INFO:2025-03-03 19:43:53,178: - node_classifier - : epoch 39
INFO:2025-03-03 19:43:53,245: - node_classifier - : Train: 0.8958, Test: 0.8339
INFO:2025-03-03 19:43:53,246: - node_classifier - : epoch 40
INFO:2025-03-03 19:43:53,311: - node_classifier - : Train: 0.8855, Test: 0.8413
INFO:2025-03-03 19:43:53,312: - node_classifier - : epoch 41
INFO:2025-03-03 19:43:53,379: - node_classifier - : Train: 0.8982, Test: 0.8303
INFO:2025-03-03 19:43:53,380: - node_classifier - : epoch 42
INFO:2025-03-03 19:43:53,445: - node_classifier - : Train: 0.8974, Test: 0.8524
INFO:2025-03-03 19:43:53,446: - node_classifier - : epoch 43
INFO:2025-03-03 19:43:53,505: - node_classifier - : Train: 0.8904, Test: 0.8413
INFO:2025-03-03 19:43:53,505: - node_classifier - : epoch 44
INFO:2025-03-03 19:43:53,569: - node_classifier - : Train: 0.8945, Test: 0.8229
INFO:2025-03-03 19:43:53,570: - node_classifier - : epoch 45
INFO:2025-03-03 19:43:53,640: - node_classifier - : Train: 0.8978, Test: 0.8450
INFO:2025-03-03 19:43:53,641: - node_classifier - : epoch 46
INFO:2025-03-03 19:43:53,708: - node_classifier - : Train: 0.8929, Test: 0.8524
INFO:2025-03-03 19:43:53,709: - node_classifier - : epoch 47
INFO:2025-03-03 19:43:53,784: - node_classifier - : Train: 0.8978, Test: 0.8413
INFO:2025-03-03 19:43:53,784: - node_classifier - : epoch 48
INFO:2025-03-03 19:43:53,858: - node_classifier - : Train: 0.8941, Test: 0.8413
INFO:2025-03-03 19:43:53,859: - node_classifier - : epoch 49
INFO:2025-03-03 19:43:53,925: - node_classifier - : Train: 0.8991, Test: 0.8303
INFO:2025-03-03 19:43:53,925: - node_classifier - : epoch 50
INFO:2025-03-03 19:43:53,987: - node_classifier - : Train: 0.8991, Test: 0.8524
INFO:2025-03-03 19:43:53,988: - node_classifier - : epoch 51
INFO:2025-03-03 19:43:54,055: - node_classifier - : Train: 0.8945, Test: 0.8413
INFO:2025-03-03 19:43:54,056: - node_classifier - : epoch 52
INFO:2025-03-03 19:43:54,127: - node_classifier - : Train: 0.8995, Test: 0.8266
INFO:2025-03-03 19:43:54,127: - node_classifier - : epoch 53
INFO:2025-03-03 19:43:54,196: - node_classifier - : Train: 0.8954, Test: 0.8376
INFO:2025-03-03 19:43:54,196: - node_classifier - : epoch 54
INFO:2025-03-03 19:43:54,270: - node_classifier - : Train: 0.8962, Test: 0.8339
INFO:2025-03-03 19:43:54,270: - node_classifier - : epoch 55
INFO:2025-03-03 19:43:54,338: - node_classifier - : Train: 0.8974, Test: 0.8303
INFO:2025-03-03 19:43:54,338: - node_classifier - : epoch 56
INFO:2025-03-03 19:43:54,406: - node_classifier - : Train: 0.8986, Test: 0.8487
INFO:2025-03-03 19:43:54,407: - node_classifier - : epoch 57
INFO:2025-03-03 19:43:54,470: - node_classifier - : Train: 0.9007, Test: 0.8450
INFO:2025-03-03 19:43:54,471: - node_classifier - : epoch 58
INFO:2025-03-03 19:43:54,557: - node_classifier - : Train: 0.9015, Test: 0.8450
INFO:2025-03-03 19:43:54,557: - node_classifier - : epoch 59
INFO:2025-03-03 19:43:54,626: - node_classifier - : Train: 0.9003, Test: 0.8413
INFO:2025-03-03 19:43:54,626: - node_classifier - : epoch 60
INFO:2025-03-03 19:43:54,689: - node_classifier - : Train: 0.9023, Test: 0.8524
INFO:2025-03-03 19:43:54,690: - node_classifier - : epoch 61
INFO:2025-03-03 19:43:54,754: - node_classifier - : Train: 0.9069, Test: 0.8708
INFO:2025-03-03 19:43:54,754: - node_classifier - : epoch 62
INFO:2025-03-03 19:43:54,824: - node_classifier - : Train: 0.8950, Test: 0.8376
INFO:2025-03-03 19:43:54,825: - node_classifier - : epoch 63
INFO:2025-03-03 19:43:54,897: - node_classifier - : Train: 0.8958, Test: 0.8266
INFO:2025-03-03 19:43:54,898: - node_classifier - : epoch 64
INFO:2025-03-03 19:43:54,971: - node_classifier - : Train: 0.8978, Test: 0.8487
INFO:2025-03-03 19:43:54,971: - node_classifier - : epoch 65
INFO:2025-03-03 19:43:55,042: - node_classifier - : Train: 0.8941, Test: 0.8413
INFO:2025-03-03 19:43:55,042: - node_classifier - : epoch 66
INFO:2025-03-03 19:43:55,111: - node_classifier - : Train: 0.9007, Test: 0.8413
INFO:2025-03-03 19:43:55,112: - node_classifier - : epoch 67
INFO:2025-03-03 19:43:55,180: - node_classifier - : Train: 0.8925, Test: 0.8155
INFO:2025-03-03 19:43:55,181: - node_classifier - : epoch 68
INFO:2025-03-03 19:43:55,254: - node_classifier - : Train: 0.9052, Test: 0.8450
INFO:2025-03-03 19:43:55,254: - node_classifier - : epoch 69
INFO:2025-03-03 19:43:55,324: - node_classifier - : Train: 0.8982, Test: 0.8524
INFO:2025-03-03 19:43:55,325: - node_classifier - : epoch 70
INFO:2025-03-03 19:43:55,393: - node_classifier - : Train: 0.8982, Test: 0.8376
INFO:2025-03-03 19:43:55,393: - node_classifier - : epoch 71
INFO:2025-03-03 19:43:55,456: - node_classifier - : Train: 0.8986, Test: 0.8339
INFO:2025-03-03 19:43:55,456: - node_classifier - : epoch 72
INFO:2025-03-03 19:43:55,521: - node_classifier - : Train: 0.8929, Test: 0.8450
INFO:2025-03-03 19:43:55,521: - node_classifier - : epoch 73
INFO:2025-03-03 19:43:55,583: - node_classifier - : Train: 0.9032, Test: 0.8450
INFO:2025-03-03 19:43:55,584: - node_classifier - : epoch 74
INFO:2025-03-03 19:43:55,651: - node_classifier - : Train: 0.8950, Test: 0.8561
INFO:2025-03-03 19:43:55,652: - node_classifier - : epoch 75
INFO:2025-03-03 19:43:55,715: - node_classifier - : Train: 0.9089, Test: 0.8339
INFO:2025-03-03 19:43:55,715: - node_classifier - : epoch 76
INFO:2025-03-03 19:43:55,780: - node_classifier - : Train: 0.9048, Test: 0.8413
INFO:2025-03-03 19:43:55,780: - node_classifier - : epoch 77
INFO:2025-03-03 19:43:55,845: - node_classifier - : Train: 0.9011, Test: 0.8376
INFO:2025-03-03 19:43:55,846: - node_classifier - : epoch 78
INFO:2025-03-03 19:43:55,932: - node_classifier - : Train: 0.8995, Test: 0.8339
INFO:2025-03-03 19:43:55,933: - node_classifier - : epoch 79
INFO:2025-03-03 19:43:56,008: - node_classifier - : Train: 0.9007, Test: 0.8450
INFO:2025-03-03 19:43:56,008: - node_classifier - : epoch 80
INFO:2025-03-03 19:43:56,071: - node_classifier - : Train: 0.9023, Test: 0.8598
INFO:2025-03-03 19:43:56,071: - node_classifier - : epoch 81
INFO:2025-03-03 19:43:56,133: - node_classifier - : Train: 0.9040, Test: 0.8376
INFO:2025-03-03 19:43:56,134: - node_classifier - : epoch 82
INFO:2025-03-03 19:43:56,196: - node_classifier - : Train: 0.8974, Test: 0.8376
INFO:2025-03-03 19:43:56,197: - node_classifier - : epoch 83
INFO:2025-03-03 19:43:56,257: - node_classifier - : Train: 0.9015, Test: 0.8339
INFO:2025-03-03 19:43:56,258: - node_classifier - : epoch 84
INFO:2025-03-03 19:43:56,325: - node_classifier - : Train: 0.9003, Test: 0.8487
INFO:2025-03-03 19:43:56,325: - node_classifier - : epoch 85
INFO:2025-03-03 19:43:56,388: - node_classifier - : Train: 0.9015, Test: 0.8561
INFO:2025-03-03 19:43:56,389: - node_classifier - : epoch 86
INFO:2025-03-03 19:43:56,452: - node_classifier - : Train: 0.8991, Test: 0.8450
INFO:2025-03-03 19:43:56,453: - node_classifier - : epoch 87
INFO:2025-03-03 19:43:56,517: - node_classifier - : Train: 0.9044, Test: 0.8487
INFO:2025-03-03 19:43:56,517: - node_classifier - : epoch 88
INFO:2025-03-03 19:43:56,584: - node_classifier - : Train: 0.9040, Test: 0.8524
INFO:2025-03-03 19:43:56,584: - node_classifier - : epoch 89
INFO:2025-03-03 19:43:56,649: - node_classifier - : Train: 0.8982, Test: 0.8450
INFO:2025-03-03 19:43:56,650: - node_classifier - : epoch 90
INFO:2025-03-03 19:43:56,715: - node_classifier - : Train: 0.9019, Test: 0.8376
INFO:2025-03-03 19:43:56,715: - node_classifier - : epoch 91
INFO:2025-03-03 19:43:56,790: - node_classifier - : Train: 0.9044, Test: 0.8524
INFO:2025-03-03 19:43:56,791: - node_classifier - : epoch 92
INFO:2025-03-03 19:43:56,867: - node_classifier - : Train: 0.9019, Test: 0.8339
INFO:2025-03-03 19:43:56,868: - node_classifier - : epoch 93
INFO:2025-03-03 19:43:56,941: - node_classifier - : Train: 0.9036, Test: 0.8413
INFO:2025-03-03 19:43:56,941: - node_classifier - : epoch 94
INFO:2025-03-03 19:43:57,016: - node_classifier - : Train: 0.8986, Test: 0.8487
INFO:2025-03-03 19:43:57,016: - node_classifier - : epoch 95
INFO:2025-03-03 19:43:57,082: - node_classifier - : Train: 0.9056, Test: 0.8376
INFO:2025-03-03 19:43:57,083: - node_classifier - : epoch 96
INFO:2025-03-03 19:43:57,145: - node_classifier - : Train: 0.9007, Test: 0.8192
INFO:2025-03-03 19:43:57,146: - node_classifier - : epoch 97
INFO:2025-03-03 19:43:57,215: - node_classifier - : Train: 0.8982, Test: 0.8376
INFO:2025-03-03 19:43:57,215: - node_classifier - : epoch 98
INFO:2025-03-03 19:43:57,286: - node_classifier - : Train: 0.9032, Test: 0.8450
INFO:2025-03-03 19:43:57,286: - node_classifier - : epoch 99
INFO:2025-03-03 19:43:57,377: - node_classifier - : Train: 0.8929, Test: 0.8339
INFO:2025-03-03 19:43:57,389: - ExpGraphInfluenceFunction - : Model training time: 6.495451927185059
INFO:2025-03-03 19:43:57,389: - ExpGraphInfluenceFunction - : model evaluation
DEBUG:2025-03-03 19:43:57,389: - node_classifier - : generating posteriors
INFO:2025-03-03 19:43:57,443: - ExpGraphInfluenceFunction - : Evaluation cost 0.054113149642944336 seconds.
INFO:2025-03-03 19:43:57,444: - ExpGraphInfluenceFunction - : Final Test F1: 0.8339483394833949
INFO:2025-03-03 19:43:57,444: - ExpGraphInfluenceFunction - : Final Test Accuracy: 0.8339483394833949
INFO:2025-03-03 19:43:57,444: - ExpGraphInfluenceFunction - : Final Test Recall: 0.8339483394833949
INFO:2025-03-03 19:43:57,444: - ExpGraphInfluenceFunction - : Final Test Precision: 0.8339483394833949
DEBUG:2025-03-03 19:43:57,611: - node_classifier - : generating posteriors
INFO:2025-03-03 19:43:57,656: - ExpGraphInfluenceFunction - : Run 2.000000
INFO:2025-03-03 19:43:57,656: - ExpGraphInfluenceFunction - : training target models, run 2
INFO:2025-03-03 19:43:57,656: - node_classifier - : training model
INFO:2025-03-03 19:43:57,657: - node_classifier - : generate train loader
INFO:2025-03-03 19:43:57,660: - node_classifier - : generate train loader finish
INFO:2025-03-03 19:43:57,660: - node_classifier - : epoch 0
INFO:2025-03-03 19:43:57,718: - node_classifier - : Train: 0.3090, Test: 0.3137
INFO:2025-03-03 19:43:57,718: - node_classifier - : epoch 1
INFO:2025-03-03 19:43:57,774: - node_classifier - : Train: 0.3853, Test: 0.3764
INFO:2025-03-03 19:43:57,775: - node_classifier - : epoch 2
INFO:2025-03-03 19:43:57,830: - node_classifier - : Train: 0.5773, Test: 0.5609
INFO:2025-03-03 19:43:57,831: - node_classifier - : epoch 3
INFO:2025-03-03 19:43:57,888: - node_classifier - : Train: 0.7226, Test: 0.7232
INFO:2025-03-03 19:43:57,888: - node_classifier - : epoch 4
INFO:2025-03-03 19:43:57,944: - node_classifier - : Train: 0.7727, Test: 0.7897
INFO:2025-03-03 19:43:57,945: - node_classifier - : epoch 5
INFO:2025-03-03 19:43:57,998: - node_classifier - : Train: 0.8125, Test: 0.8376
INFO:2025-03-03 19:43:57,999: - node_classifier - : epoch 6
INFO:2025-03-03 19:43:58,060: - node_classifier - : Train: 0.8338, Test: 0.8376
INFO:2025-03-03 19:43:58,061: - node_classifier - : epoch 7
INFO:2025-03-03 19:43:58,120: - node_classifier - : Train: 0.8482, Test: 0.8303
INFO:2025-03-03 19:43:58,120: - node_classifier - : epoch 8
INFO:2025-03-03 19:43:58,181: - node_classifier - : Train: 0.8609, Test: 0.8303
INFO:2025-03-03 19:43:58,181: - node_classifier - : epoch 9
INFO:2025-03-03 19:43:58,240: - node_classifier - : Train: 0.8605, Test: 0.8339
INFO:2025-03-03 19:43:58,241: - node_classifier - : epoch 10
INFO:2025-03-03 19:43:58,305: - node_classifier - : Train: 0.8629, Test: 0.8266
INFO:2025-03-03 19:43:58,305: - node_classifier - : epoch 11
INFO:2025-03-03 19:43:58,365: - node_classifier - : Train: 0.8666, Test: 0.8303
INFO:2025-03-03 19:43:58,366: - node_classifier - : epoch 12
INFO:2025-03-03 19:43:58,425: - node_classifier - : Train: 0.8658, Test: 0.8450
INFO:2025-03-03 19:43:58,426: - node_classifier - : epoch 13
INFO:2025-03-03 19:43:58,486: - node_classifier - : Train: 0.8703, Test: 0.8192
INFO:2025-03-03 19:43:58,487: - node_classifier - : epoch 14
INFO:2025-03-03 19:43:58,553: - node_classifier - : Train: 0.8687, Test: 0.8303
INFO:2025-03-03 19:43:58,554: - node_classifier - : epoch 15
INFO:2025-03-03 19:43:58,621: - node_classifier - : Train: 0.8744, Test: 0.8303
INFO:2025-03-03 19:43:58,621: - node_classifier - : epoch 16
INFO:2025-03-03 19:43:58,684: - node_classifier - : Train: 0.8806, Test: 0.8229
INFO:2025-03-03 19:43:58,685: - node_classifier - : epoch 17
INFO:2025-03-03 19:43:58,748: - node_classifier - : Train: 0.8773, Test: 0.8339
INFO:2025-03-03 19:43:58,748: - node_classifier - : epoch 18
INFO:2025-03-03 19:43:58,812: - node_classifier - : Train: 0.8826, Test: 0.8266
INFO:2025-03-03 19:43:58,813: - node_classifier - : epoch 19
INFO:2025-03-03 19:43:58,878: - node_classifier - : Train: 0.8822, Test: 0.8229
INFO:2025-03-03 19:43:58,879: - node_classifier - : epoch 20
INFO:2025-03-03 19:43:58,940: - node_classifier - : Train: 0.8765, Test: 0.8303
INFO:2025-03-03 19:43:58,941: - node_classifier - : epoch 21
INFO:2025-03-03 19:43:59,006: - node_classifier - : Train: 0.8835, Test: 0.8192
INFO:2025-03-03 19:43:59,007: - node_classifier - : epoch 22
INFO:2025-03-03 19:43:59,071: - node_classifier - : Train: 0.8822, Test: 0.8229
INFO:2025-03-03 19:43:59,071: - node_classifier - : epoch 23
INFO:2025-03-03 19:43:59,140: - node_classifier - : Train: 0.8835, Test: 0.8413
INFO:2025-03-03 19:43:59,141: - node_classifier - : epoch 24
INFO:2025-03-03 19:43:59,204: - node_classifier - : Train: 0.8884, Test: 0.8303
INFO:2025-03-03 19:43:59,204: - node_classifier - : epoch 25
INFO:2025-03-03 19:43:59,264: - node_classifier - : Train: 0.8880, Test: 0.8376
INFO:2025-03-03 19:43:59,265: - node_classifier - : epoch 26
INFO:2025-03-03 19:43:59,324: - node_classifier - : Train: 0.8896, Test: 0.8450
INFO:2025-03-03 19:43:59,325: - node_classifier - : epoch 27
INFO:2025-03-03 19:43:59,384: - node_classifier - : Train: 0.8872, Test: 0.8524
INFO:2025-03-03 19:43:59,384: - node_classifier - : epoch 28
INFO:2025-03-03 19:43:59,473: - node_classifier - : Train: 0.8900, Test: 0.8487
INFO:2025-03-03 19:43:59,473: - node_classifier - : epoch 29
INFO:2025-03-03 19:43:59,530: - node_classifier - : Train: 0.8929, Test: 0.8303
INFO:2025-03-03 19:43:59,531: - node_classifier - : epoch 30
INFO:2025-03-03 19:43:59,593: - node_classifier - : Train: 0.8872, Test: 0.8450
INFO:2025-03-03 19:43:59,594: - node_classifier - : epoch 31
INFO:2025-03-03 19:43:59,655: - node_classifier - : Train: 0.8945, Test: 0.8339
INFO:2025-03-03 19:43:59,656: - node_classifier - : epoch 32
INFO:2025-03-03 19:43:59,718: - node_classifier - : Train: 0.8937, Test: 0.8192
INFO:2025-03-03 19:43:59,718: - node_classifier - : epoch 33
INFO:2025-03-03 19:43:59,785: - node_classifier - : Train: 0.8900, Test: 0.8339
INFO:2025-03-03 19:43:59,785: - node_classifier - : epoch 34
INFO:2025-03-03 19:43:59,849: - node_classifier - : Train: 0.8991, Test: 0.8524
INFO:2025-03-03 19:43:59,849: - node_classifier - : epoch 35
INFO:2025-03-03 19:43:59,918: - node_classifier - : Train: 0.8954, Test: 0.8339
INFO:2025-03-03 19:43:59,918: - node_classifier - : epoch 36
INFO:2025-03-03 19:43:59,984: - node_classifier - : Train: 0.8908, Test: 0.8376
INFO:2025-03-03 19:43:59,984: - node_classifier - : epoch 37
INFO:2025-03-03 19:44:00,045: - node_classifier - : Train: 0.8933, Test: 0.8413
INFO:2025-03-03 19:44:00,045: - node_classifier - : epoch 38
INFO:2025-03-03 19:44:00,104: - node_classifier - : Train: 0.8933, Test: 0.8266
INFO:2025-03-03 19:44:00,105: - node_classifier - : epoch 39
INFO:2025-03-03 19:44:00,181: - node_classifier - : Train: 0.8925, Test: 0.8376
INFO:2025-03-03 19:44:00,181: - node_classifier - : epoch 40
INFO:2025-03-03 19:44:00,248: - node_classifier - : Train: 0.8954, Test: 0.8524
INFO:2025-03-03 19:44:00,249: - node_classifier - : epoch 41
INFO:2025-03-03 19:44:00,315: - node_classifier - : Train: 0.8978, Test: 0.8376
INFO:2025-03-03 19:44:00,315: - node_classifier - : epoch 42
INFO:2025-03-03 19:44:00,383: - node_classifier - : Train: 0.8921, Test: 0.8339
INFO:2025-03-03 19:44:00,384: - node_classifier - : epoch 43
INFO:2025-03-03 19:44:00,452: - node_classifier - : Train: 0.8933, Test: 0.8413
INFO:2025-03-03 19:44:00,452: - node_classifier - : epoch 44
INFO:2025-03-03 19:44:00,514: - node_classifier - : Train: 0.9015, Test: 0.8487
INFO:2025-03-03 19:44:00,514: - node_classifier - : epoch 45
INFO:2025-03-03 19:44:00,572: - node_classifier - : Train: 0.8966, Test: 0.8303
INFO:2025-03-03 19:44:00,573: - node_classifier - : epoch 46
INFO:2025-03-03 19:44:00,635: - node_classifier - : Train: 0.8937, Test: 0.8303
INFO:2025-03-03 19:44:00,636: - node_classifier - : epoch 47
INFO:2025-03-03 19:44:00,698: - node_classifier - : Train: 0.8945, Test: 0.8376
INFO:2025-03-03 19:44:00,699: - node_classifier - : epoch 48
INFO:2025-03-03 19:44:00,765: - node_classifier - : Train: 0.8945, Test: 0.8487
INFO:2025-03-03 19:44:00,766: - node_classifier - : epoch 49
INFO:2025-03-03 19:44:00,827: - node_classifier - : Train: 0.8937, Test: 0.8450
INFO:2025-03-03 19:44:00,828: - node_classifier - : epoch 50
INFO:2025-03-03 19:44:00,934: - node_classifier - : Train: 0.8974, Test: 0.8561
INFO:2025-03-03 19:44:00,935: - node_classifier - : epoch 51
INFO:2025-03-03 19:44:01,000: - node_classifier - : Train: 0.8986, Test: 0.8413
INFO:2025-03-03 19:44:01,001: - node_classifier - : epoch 52
INFO:2025-03-03 19:44:01,059: - node_classifier - : Train: 0.8945, Test: 0.8450
INFO:2025-03-03 19:44:01,059: - node_classifier - : epoch 53
INFO:2025-03-03 19:44:01,118: - node_classifier - : Train: 0.8950, Test: 0.8450
INFO:2025-03-03 19:44:01,118: - node_classifier - : epoch 54
INFO:2025-03-03 19:44:01,178: - node_classifier - : Train: 0.8917, Test: 0.8376
INFO:2025-03-03 19:44:01,178: - node_classifier - : epoch 55
INFO:2025-03-03 19:44:01,236: - node_classifier - : Train: 0.8937, Test: 0.8487
INFO:2025-03-03 19:44:01,236: - node_classifier - : epoch 56
INFO:2025-03-03 19:44:01,296: - node_classifier - : Train: 0.8937, Test: 0.8413
INFO:2025-03-03 19:44:01,296: - node_classifier - : epoch 57
INFO:2025-03-03 19:44:01,360: - node_classifier - : Train: 0.8995, Test: 0.8376
INFO:2025-03-03 19:44:01,361: - node_classifier - : epoch 58
INFO:2025-03-03 19:44:01,422: - node_classifier - : Train: 0.9003, Test: 0.8303
INFO:2025-03-03 19:44:01,422: - node_classifier - : epoch 59
INFO:2025-03-03 19:44:01,489: - node_classifier - : Train: 0.8900, Test: 0.8487
INFO:2025-03-03 19:44:01,489: - node_classifier - : epoch 60
INFO:2025-03-03 19:44:01,552: - node_classifier - : Train: 0.8933, Test: 0.8487
INFO:2025-03-03 19:44:01,552: - node_classifier - : epoch 61
INFO:2025-03-03 19:44:01,618: - node_classifier - : Train: 0.8962, Test: 0.8524
INFO:2025-03-03 19:44:01,618: - node_classifier - : epoch 62
INFO:2025-03-03 19:44:01,680: - node_classifier - : Train: 0.8917, Test: 0.8635
INFO:2025-03-03 19:44:01,681: - node_classifier - : epoch 63
INFO:2025-03-03 19:44:01,744: - node_classifier - : Train: 0.9003, Test: 0.8487
INFO:2025-03-03 19:44:01,744: - node_classifier - : epoch 64
INFO:2025-03-03 19:44:01,830: - node_classifier - : Train: 0.8945, Test: 0.8487
INFO:2025-03-03 19:44:01,831: - node_classifier - : epoch 65
INFO:2025-03-03 19:44:01,898: - node_classifier - : Train: 0.8982, Test: 0.8376
INFO:2025-03-03 19:44:01,898: - node_classifier - : epoch 66
INFO:2025-03-03 19:44:01,958: - node_classifier - : Train: 0.8970, Test: 0.8339
INFO:2025-03-03 19:44:01,958: - node_classifier - : epoch 67
INFO:2025-03-03 19:44:02,017: - node_classifier - : Train: 0.8929, Test: 0.8339
INFO:2025-03-03 19:44:02,017: - node_classifier - : epoch 68
INFO:2025-03-03 19:44:02,077: - node_classifier - : Train: 0.9032, Test: 0.8450
INFO:2025-03-03 19:44:02,077: - node_classifier - : epoch 69
INFO:2025-03-03 19:44:02,136: - node_classifier - : Train: 0.8966, Test: 0.8339
INFO:2025-03-03 19:44:02,136: - node_classifier - : epoch 70
INFO:2025-03-03 19:44:02,196: - node_classifier - : Train: 0.8974, Test: 0.8339
INFO:2025-03-03 19:44:02,197: - node_classifier - : epoch 71
INFO:2025-03-03 19:44:02,256: - node_classifier - : Train: 0.9019, Test: 0.8413
INFO:2025-03-03 19:44:02,256: - node_classifier - : epoch 72
INFO:2025-03-03 19:44:02,319: - node_classifier - : Train: 0.8954, Test: 0.8376
INFO:2025-03-03 19:44:02,319: - node_classifier - : epoch 73
INFO:2025-03-03 19:44:02,378: - node_classifier - : Train: 0.8978, Test: 0.8303
INFO:2025-03-03 19:44:02,379: - node_classifier - : epoch 74
INFO:2025-03-03 19:44:02,436: - node_classifier - : Train: 0.8966, Test: 0.8192
INFO:2025-03-03 19:44:02,436: - node_classifier - : epoch 75
INFO:2025-03-03 19:44:02,494: - node_classifier - : Train: 0.9011, Test: 0.8487
INFO:2025-03-03 19:44:02,494: - node_classifier - : epoch 76
INFO:2025-03-03 19:44:02,550: - node_classifier - : Train: 0.8991, Test: 0.8413
INFO:2025-03-03 19:44:02,551: - node_classifier - : epoch 77
INFO:2025-03-03 19:44:02,608: - node_classifier - : Train: 0.8962, Test: 0.8376
INFO:2025-03-03 19:44:02,608: - node_classifier - : epoch 78
INFO:2025-03-03 19:44:02,664: - node_classifier - : Train: 0.9044, Test: 0.8487
INFO:2025-03-03 19:44:02,665: - node_classifier - : epoch 79
INFO:2025-03-03 19:44:02,723: - node_classifier - : Train: 0.9040, Test: 0.8450
INFO:2025-03-03 19:44:02,723: - node_classifier - : epoch 80
INFO:2025-03-03 19:44:02,781: - node_classifier - : Train: 0.9023, Test: 0.8413
INFO:2025-03-03 19:44:02,781: - node_classifier - : epoch 81
INFO:2025-03-03 19:44:02,836: - node_classifier - : Train: 0.8991, Test: 0.8487
INFO:2025-03-03 19:44:02,837: - node_classifier - : epoch 82
INFO:2025-03-03 19:44:02,896: - node_classifier - : Train: 0.8982, Test: 0.8487
INFO:2025-03-03 19:44:02,896: - node_classifier - : epoch 83
INFO:2025-03-03 19:44:02,955: - node_classifier - : Train: 0.8958, Test: 0.8450
INFO:2025-03-03 19:44:02,955: - node_classifier - : epoch 84
INFO:2025-03-03 19:44:03,014: - node_classifier - : Train: 0.9015, Test: 0.8524
INFO:2025-03-03 19:44:03,015: - node_classifier - : epoch 85
INFO:2025-03-03 19:44:03,072: - node_classifier - : Train: 0.9044, Test: 0.8487
INFO:2025-03-03 19:44:03,073: - node_classifier - : epoch 86
INFO:2025-03-03 19:44:03,129: - node_classifier - : Train: 0.8966, Test: 0.8266
INFO:2025-03-03 19:44:03,129: - node_classifier - : epoch 87
INFO:2025-03-03 19:44:03,188: - node_classifier - : Train: 0.8978, Test: 0.8266
INFO:2025-03-03 19:44:03,189: - node_classifier - : epoch 88
INFO:2025-03-03 19:44:03,246: - node_classifier - : Train: 0.9032, Test: 0.8524
INFO:2025-03-03 19:44:03,246: - node_classifier - : epoch 89
INFO:2025-03-03 19:44:03,309: - node_classifier - : Train: 0.9044, Test: 0.8487
INFO:2025-03-03 19:44:03,310: - node_classifier - : epoch 90
INFO:2025-03-03 19:44:03,377: - node_classifier - : Train: 0.8978, Test: 0.8376
INFO:2025-03-03 19:44:03,377: - node_classifier - : epoch 91
INFO:2025-03-03 19:44:03,444: - node_classifier - : Train: 0.8999, Test: 0.8339
INFO:2025-03-03 19:44:03,445: - node_classifier - : epoch 92
INFO:2025-03-03 19:44:03,514: - node_classifier - : Train: 0.8974, Test: 0.8598
INFO:2025-03-03 19:44:03,514: - node_classifier - : epoch 93
INFO:2025-03-03 19:44:03,583: - node_classifier - : Train: 0.9019, Test: 0.8598
INFO:2025-03-03 19:44:03,583: - node_classifier - : epoch 94
INFO:2025-03-03 19:44:03,642: - node_classifier - : Train: 0.9011, Test: 0.8376
INFO:2025-03-03 19:44:03,643: - node_classifier - : epoch 95
INFO:2025-03-03 19:44:03,703: - node_classifier - : Train: 0.9019, Test: 0.8303
INFO:2025-03-03 19:44:03,703: - node_classifier - : epoch 96
INFO:2025-03-03 19:44:03,765: - node_classifier - : Train: 0.9077, Test: 0.8635
INFO:2025-03-03 19:44:03,765: - node_classifier - : epoch 97
INFO:2025-03-03 19:44:03,832: - node_classifier - : Train: 0.9015, Test: 0.8561
INFO:2025-03-03 19:44:03,832: - node_classifier - : epoch 98
INFO:2025-03-03 19:44:03,898: - node_classifier - : Train: 0.8933, Test: 0.8376
INFO:2025-03-03 19:44:03,899: - node_classifier - : epoch 99
INFO:2025-03-03 19:44:03,964: - node_classifier - : Train: 0.9023, Test: 0.8450
INFO:2025-03-03 19:44:03,975: - ExpGraphInfluenceFunction - : Model training time: 6.319289207458496
INFO:2025-03-03 19:44:03,975: - ExpGraphInfluenceFunction - : model evaluation
DEBUG:2025-03-03 19:44:03,975: - node_classifier - : generating posteriors
INFO:2025-03-03 19:44:04,041: - ExpGraphInfluenceFunction - : Evaluation cost 0.06552672386169434 seconds.
INFO:2025-03-03 19:44:04,042: - ExpGraphInfluenceFunction - : Final Test F1: 0.8450184501845017
INFO:2025-03-03 19:44:04,042: - ExpGraphInfluenceFunction - : Final Test Accuracy: 0.8450184501845018
INFO:2025-03-03 19:44:04,042: - ExpGraphInfluenceFunction - : Final Test Recall: 0.8450184501845018
INFO:2025-03-03 19:44:04,043: - ExpGraphInfluenceFunction - : Final Test Precision: 0.8450184501845018
DEBUG:2025-03-03 19:44:04,189: - node_classifier - : generating posteriors
INFO:2025-03-03 19:44:04,232: - ExpGraphInfluenceFunction - : Run 3.000000
INFO:2025-03-03 19:44:04,232: - ExpGraphInfluenceFunction - : training target models, run 3
INFO:2025-03-03 19:44:04,232: - node_classifier - : training model
INFO:2025-03-03 19:44:04,233: - node_classifier - : generate train loader
INFO:2025-03-03 19:44:04,236: - node_classifier - : generate train loader finish
INFO:2025-03-03 19:44:04,237: - node_classifier - : epoch 0
INFO:2025-03-03 19:44:04,299: - node_classifier - : Train: 0.5482, Test: 0.5609
INFO:2025-03-03 19:44:04,299: - node_classifier - : epoch 1
INFO:2025-03-03 19:44:04,356: - node_classifier - : Train: 0.6508, Test: 0.6273
INFO:2025-03-03 19:44:04,356: - node_classifier - : epoch 2
INFO:2025-03-03 19:44:04,416: - node_classifier - : Train: 0.7185, Test: 0.7269
INFO:2025-03-03 19:44:04,416: - node_classifier - : epoch 3
INFO:2025-03-03 19:44:04,472: - node_classifier - : Train: 0.7390, Test: 0.7454
INFO:2025-03-03 19:44:04,473: - node_classifier - : epoch 4
INFO:2025-03-03 19:44:04,530: - node_classifier - : Train: 0.7583, Test: 0.7565
INFO:2025-03-03 19:44:04,530: - node_classifier - : epoch 5
INFO:2025-03-03 19:44:04,587: - node_classifier - : Train: 0.7969, Test: 0.7675
INFO:2025-03-03 19:44:04,588: - node_classifier - : epoch 6
INFO:2025-03-03 19:44:04,643: - node_classifier - : Train: 0.8363, Test: 0.8303
INFO:2025-03-03 19:44:04,643: - node_classifier - : epoch 7
INFO:2025-03-03 19:44:04,700: - node_classifier - : Train: 0.8490, Test: 0.8303
INFO:2025-03-03 19:44:04,700: - node_classifier - : epoch 8
INFO:2025-03-03 19:44:04,757: - node_classifier - : Train: 0.8621, Test: 0.8413
INFO:2025-03-03 19:44:04,757: - node_classifier - : epoch 9
INFO:2025-03-03 19:44:04,812: - node_classifier - : Train: 0.8617, Test: 0.8339
INFO:2025-03-03 19:44:04,813: - node_classifier - : epoch 10
INFO:2025-03-03 19:44:04,873: - node_classifier - : Train: 0.8662, Test: 0.8303
INFO:2025-03-03 19:44:04,873: - node_classifier - : epoch 11
INFO:2025-03-03 19:44:04,929: - node_classifier - : Train: 0.8683, Test: 0.8303
INFO:2025-03-03 19:44:04,929: - node_classifier - : epoch 12
INFO:2025-03-03 19:44:04,987: - node_classifier - : Train: 0.8765, Test: 0.8266
INFO:2025-03-03 19:44:04,988: - node_classifier - : epoch 13
INFO:2025-03-03 19:44:05,043: - node_classifier - : Train: 0.8748, Test: 0.8303
INFO:2025-03-03 19:44:05,043: - node_classifier - : epoch 14
INFO:2025-03-03 19:44:05,104: - node_classifier - : Train: 0.8810, Test: 0.8376
INFO:2025-03-03 19:44:05,104: - node_classifier - : epoch 15
INFO:2025-03-03 19:44:05,165: - node_classifier - : Train: 0.8847, Test: 0.8303
INFO:2025-03-03 19:44:05,166: - node_classifier - : epoch 16
INFO:2025-03-03 19:44:05,224: - node_classifier - : Train: 0.8826, Test: 0.8376
INFO:2025-03-03 19:44:05,225: - node_classifier - : epoch 17
INFO:2025-03-03 19:44:05,284: - node_classifier - : Train: 0.8826, Test: 0.8339
INFO:2025-03-03 19:44:05,284: - node_classifier - : epoch 18
INFO:2025-03-03 19:44:05,344: - node_classifier - : Train: 0.8806, Test: 0.8266
INFO:2025-03-03 19:44:05,344: - node_classifier - : epoch 19
INFO:2025-03-03 19:44:05,410: - node_classifier - : Train: 0.8826, Test: 0.8339
INFO:2025-03-03 19:44:05,411: - node_classifier - : epoch 20
INFO:2025-03-03 19:44:05,474: - node_classifier - : Train: 0.8839, Test: 0.8339
INFO:2025-03-03 19:44:05,474: - node_classifier - : epoch 21
INFO:2025-03-03 19:44:05,539: - node_classifier - : Train: 0.8880, Test: 0.8376
INFO:2025-03-03 19:44:05,539: - node_classifier - : epoch 22
INFO:2025-03-03 19:44:05,599: - node_classifier - : Train: 0.8872, Test: 0.8450
INFO:2025-03-03 19:44:05,599: - node_classifier - : epoch 23
INFO:2025-03-03 19:44:05,658: - node_classifier - : Train: 0.8843, Test: 0.8303
INFO:2025-03-03 19:44:05,659: - node_classifier - : epoch 24
INFO:2025-03-03 19:44:05,720: - node_classifier - : Train: 0.8847, Test: 0.8413
INFO:2025-03-03 19:44:05,721: - node_classifier - : epoch 25
INFO:2025-03-03 19:44:05,782: - node_classifier - : Train: 0.8872, Test: 0.8561
INFO:2025-03-03 19:44:05,782: - node_classifier - : epoch 26
INFO:2025-03-03 19:44:05,845: - node_classifier - : Train: 0.8904, Test: 0.8450
INFO:2025-03-03 19:44:05,845: - node_classifier - : epoch 27
INFO:2025-03-03 19:44:05,907: - node_classifier - : Train: 0.8892, Test: 0.8487
INFO:2025-03-03 19:44:05,908: - node_classifier - : epoch 28
INFO:2025-03-03 19:44:05,967: - node_classifier - : Train: 0.8933, Test: 0.8487
INFO:2025-03-03 19:44:05,967: - node_classifier - : epoch 29
INFO:2025-03-03 19:44:06,029: - node_classifier - : Train: 0.8859, Test: 0.8303
INFO:2025-03-03 19:44:06,029: - node_classifier - : epoch 30
INFO:2025-03-03 19:44:06,085: - node_classifier - : Train: 0.8900, Test: 0.8487
INFO:2025-03-03 19:44:06,085: - node_classifier - : epoch 31
INFO:2025-03-03 19:44:06,164: - node_classifier - : Train: 0.8929, Test: 0.8598
INFO:2025-03-03 19:44:06,165: - node_classifier - : epoch 32
INFO:2025-03-03 19:44:06,230: - node_classifier - : Train: 0.8908, Test: 0.8339
INFO:2025-03-03 19:44:06,231: - node_classifier - : epoch 33
INFO:2025-03-03 19:44:06,296: - node_classifier - : Train: 0.8917, Test: 0.8155
INFO:2025-03-03 19:44:06,296: - node_classifier - : epoch 34
INFO:2025-03-03 19:44:06,360: - node_classifier - : Train: 0.8908, Test: 0.8303
INFO:2025-03-03 19:44:06,361: - node_classifier - : epoch 35
INFO:2025-03-03 19:44:06,426: - node_classifier - : Train: 0.8986, Test: 0.8376
INFO:2025-03-03 19:44:06,427: - node_classifier - : epoch 36
INFO:2025-03-03 19:44:06,493: - node_classifier - : Train: 0.8999, Test: 0.8303
INFO:2025-03-03 19:44:06,494: - node_classifier - : epoch 37
INFO:2025-03-03 19:44:06,565: - node_classifier - : Train: 0.8917, Test: 0.8376
INFO:2025-03-03 19:44:06,565: - node_classifier - : epoch 38
INFO:2025-03-03 19:44:06,626: - node_classifier - : Train: 0.8896, Test: 0.8339
INFO:2025-03-03 19:44:06,626: - node_classifier - : epoch 39
INFO:2025-03-03 19:44:06,690: - node_classifier - : Train: 0.8999, Test: 0.8487
INFO:2025-03-03 19:44:06,691: - node_classifier - : epoch 40
INFO:2025-03-03 19:44:06,762: - node_classifier - : Train: 0.8933, Test: 0.8450
INFO:2025-03-03 19:44:06,762: - node_classifier - : epoch 41
INFO:2025-03-03 19:44:06,828: - node_classifier - : Train: 0.8970, Test: 0.8266
INFO:2025-03-03 19:44:06,828: - node_classifier - : epoch 42
INFO:2025-03-03 19:44:06,890: - node_classifier - : Train: 0.8937, Test: 0.8561
INFO:2025-03-03 19:44:06,890: - node_classifier - : epoch 43
INFO:2025-03-03 19:44:06,956: - node_classifier - : Train: 0.8970, Test: 0.8598
INFO:2025-03-03 19:44:06,957: - node_classifier - : epoch 44
INFO:2025-03-03 19:44:07,019: - node_classifier - : Train: 0.8925, Test: 0.8524
INFO:2025-03-03 19:44:07,019: - node_classifier - : epoch 45
INFO:2025-03-03 19:44:07,076: - node_classifier - : Train: 0.8933, Test: 0.8303
INFO:2025-03-03 19:44:07,076: - node_classifier - : epoch 46
INFO:2025-03-03 19:44:07,135: - node_classifier - : Train: 0.8978, Test: 0.8524
INFO:2025-03-03 19:44:07,136: - node_classifier - : epoch 47
INFO:2025-03-03 19:44:07,199: - node_classifier - : Train: 0.8941, Test: 0.8561
INFO:2025-03-03 19:44:07,199: - node_classifier - : epoch 48
INFO:2025-03-03 19:44:07,267: - node_classifier - : Train: 0.8925, Test: 0.8155
INFO:2025-03-03 19:44:07,268: - node_classifier - : epoch 49
INFO:2025-03-03 19:44:07,331: - node_classifier - : Train: 0.8925, Test: 0.8413
INFO:2025-03-03 19:44:07,331: - node_classifier - : epoch 50
INFO:2025-03-03 19:44:07,396: - node_classifier - : Train: 0.8937, Test: 0.8450
INFO:2025-03-03 19:44:07,397: - node_classifier - : epoch 51
INFO:2025-03-03 19:44:07,461: - node_classifier - : Train: 0.8958, Test: 0.8561
INFO:2025-03-03 19:44:07,461: - node_classifier - : epoch 52
INFO:2025-03-03 19:44:07,526: - node_classifier - : Train: 0.8880, Test: 0.8487
INFO:2025-03-03 19:44:07,527: - node_classifier - : epoch 53
INFO:2025-03-03 19:44:07,588: - node_classifier - : Train: 0.8978, Test: 0.8376
INFO:2025-03-03 19:44:07,589: - node_classifier - : epoch 54
INFO:2025-03-03 19:44:07,646: - node_classifier - : Train: 0.8929, Test: 0.8524
INFO:2025-03-03 19:44:07,647: - node_classifier - : epoch 55
INFO:2025-03-03 19:44:07,707: - node_classifier - : Train: 0.8921, Test: 0.8339
INFO:2025-03-03 19:44:07,707: - node_classifier - : epoch 56
INFO:2025-03-03 19:44:07,766: - node_classifier - : Train: 0.8954, Test: 0.8413
INFO:2025-03-03 19:44:07,766: - node_classifier - : epoch 57
INFO:2025-03-03 19:44:07,826: - node_classifier - : Train: 0.8974, Test: 0.8450
INFO:2025-03-03 19:44:07,826: - node_classifier - : epoch 58
INFO:2025-03-03 19:44:07,885: - node_classifier - : Train: 0.8982, Test: 0.8376
INFO:2025-03-03 19:44:07,885: - node_classifier - : epoch 59
INFO:2025-03-03 19:44:07,950: - node_classifier - : Train: 0.8929, Test: 0.8339
INFO:2025-03-03 19:44:07,951: - node_classifier - : epoch 60
INFO:2025-03-03 19:44:08,018: - node_classifier - : Train: 0.8966, Test: 0.8339
INFO:2025-03-03 19:44:08,018: - node_classifier - : epoch 61
INFO:2025-03-03 19:44:08,081: - node_classifier - : Train: 0.8954, Test: 0.8413
INFO:2025-03-03 19:44:08,082: - node_classifier - : epoch 62
INFO:2025-03-03 19:44:08,150: - node_classifier - : Train: 0.8978, Test: 0.8524
INFO:2025-03-03 19:44:08,151: - node_classifier - : epoch 63
INFO:2025-03-03 19:44:08,230: - node_classifier - : Train: 0.8995, Test: 0.8376
INFO:2025-03-03 19:44:08,230: - node_classifier - : epoch 64
INFO:2025-03-03 19:44:08,297: - node_classifier - : Train: 0.8962, Test: 0.8450
INFO:2025-03-03 19:44:08,297: - node_classifier - : epoch 65
INFO:2025-03-03 19:44:08,364: - node_classifier - : Train: 0.8958, Test: 0.8413
INFO:2025-03-03 19:44:08,364: - node_classifier - : epoch 66
INFO:2025-03-03 19:44:08,430: - node_classifier - : Train: 0.8995, Test: 0.8413
INFO:2025-03-03 19:44:08,431: - node_classifier - : epoch 67
INFO:2025-03-03 19:44:08,495: - node_classifier - : Train: 0.8962, Test: 0.8413
INFO:2025-03-03 19:44:08,495: - node_classifier - : epoch 68
INFO:2025-03-03 19:44:08,557: - node_classifier - : Train: 0.8991, Test: 0.8339
INFO:2025-03-03 19:44:08,558: - node_classifier - : epoch 69
INFO:2025-03-03 19:44:08,616: - node_classifier - : Train: 0.8945, Test: 0.8339
INFO:2025-03-03 19:44:08,617: - node_classifier - : epoch 70
INFO:2025-03-03 19:44:08,676: - node_classifier - : Train: 0.9023, Test: 0.8413
INFO:2025-03-03 19:44:08,676: - node_classifier - : epoch 71
INFO:2025-03-03 19:44:08,740: - node_classifier - : Train: 0.9011, Test: 0.8635
INFO:2025-03-03 19:44:08,741: - node_classifier - : epoch 72
INFO:2025-03-03 19:44:08,801: - node_classifier - : Train: 0.8978, Test: 0.8524
INFO:2025-03-03 19:44:08,802: - node_classifier - : epoch 73
INFO:2025-03-03 19:44:08,864: - node_classifier - : Train: 0.9007, Test: 0.8450
INFO:2025-03-03 19:44:08,864: - node_classifier - : epoch 74
INFO:2025-03-03 19:44:08,924: - node_classifier - : Train: 0.9027, Test: 0.8450
INFO:2025-03-03 19:44:08,924: - node_classifier - : epoch 75
INFO:2025-03-03 19:44:08,983: - node_classifier - : Train: 0.8999, Test: 0.8487
INFO:2025-03-03 19:44:08,983: - node_classifier - : epoch 76
INFO:2025-03-03 19:44:09,041: - node_classifier - : Train: 0.8991, Test: 0.8561
INFO:2025-03-03 19:44:09,041: - node_classifier - : epoch 77
INFO:2025-03-03 19:44:09,099: - node_classifier - : Train: 0.9023, Test: 0.8598
INFO:2025-03-03 19:44:09,099: - node_classifier - : epoch 78
INFO:2025-03-03 19:44:09,158: - node_classifier - : Train: 0.8962, Test: 0.8524
INFO:2025-03-03 19:44:09,159: - node_classifier - : epoch 79
INFO:2025-03-03 19:44:09,218: - node_classifier - : Train: 0.8970, Test: 0.8450
INFO:2025-03-03 19:44:09,219: - node_classifier - : epoch 80
INFO:2025-03-03 19:44:09,277: - node_classifier - : Train: 0.8995, Test: 0.8413
INFO:2025-03-03 19:44:09,278: - node_classifier - : epoch 81
INFO:2025-03-03 19:44:09,334: - node_classifier - : Train: 0.9011, Test: 0.8561
INFO:2025-03-03 19:44:09,334: - node_classifier - : epoch 82
INFO:2025-03-03 19:44:09,394: - node_classifier - : Train: 0.8978, Test: 0.8635
INFO:2025-03-03 19:44:09,394: - node_classifier - : epoch 83
INFO:2025-03-03 19:44:09,466: - node_classifier - : Train: 0.9044, Test: 0.8635
INFO:2025-03-03 19:44:09,467: - node_classifier - : epoch 84
INFO:2025-03-03 19:44:09,535: - node_classifier - : Train: 0.8945, Test: 0.8524
INFO:2025-03-03 19:44:09,536: - node_classifier - : epoch 85
INFO:2025-03-03 19:44:09,594: - node_classifier - : Train: 0.8974, Test: 0.8303
INFO:2025-03-03 19:44:09,595: - node_classifier - : epoch 86
INFO:2025-03-03 19:44:09,653: - node_classifier - : Train: 0.8978, Test: 0.8561
INFO:2025-03-03 19:44:09,654: - node_classifier - : epoch 87
INFO:2025-03-03 19:44:09,712: - node_classifier - : Train: 0.8962, Test: 0.8598
INFO:2025-03-03 19:44:09,712: - node_classifier - : epoch 88
INFO:2025-03-03 19:44:09,769: - node_classifier - : Train: 0.8991, Test: 0.8413
INFO:2025-03-03 19:44:09,770: - node_classifier - : epoch 89
INFO:2025-03-03 19:44:09,833: - node_classifier - : Train: 0.8925, Test: 0.8635
INFO:2025-03-03 19:44:09,833: - node_classifier - : epoch 90
INFO:2025-03-03 19:44:09,897: - node_classifier - : Train: 0.9032, Test: 0.8635
INFO:2025-03-03 19:44:09,898: - node_classifier - : epoch 91
INFO:2025-03-03 19:44:09,964: - node_classifier - : Train: 0.9069, Test: 0.8524
INFO:2025-03-03 19:44:09,964: - node_classifier - : epoch 92
INFO:2025-03-03 19:44:10,027: - node_classifier - : Train: 0.8999, Test: 0.8376
INFO:2025-03-03 19:44:10,028: - node_classifier - : epoch 93
INFO:2025-03-03 19:44:10,093: - node_classifier - : Train: 0.8966, Test: 0.8303
INFO:2025-03-03 19:44:10,094: - node_classifier - : epoch 94
INFO:2025-03-03 19:44:10,160: - node_classifier - : Train: 0.8954, Test: 0.8450
INFO:2025-03-03 19:44:10,161: - node_classifier - : epoch 95
INFO:2025-03-03 19:44:10,238: - node_classifier - : Train: 0.9007, Test: 0.8561
INFO:2025-03-03 19:44:10,238: - node_classifier - : epoch 96
INFO:2025-03-03 19:44:10,299: - node_classifier - : Train: 0.9019, Test: 0.8487
INFO:2025-03-03 19:44:10,300: - node_classifier - : epoch 97
INFO:2025-03-03 19:44:10,368: - node_classifier - : Train: 0.8999, Test: 0.8524
INFO:2025-03-03 19:44:10,368: - node_classifier - : epoch 98
INFO:2025-03-03 19:44:10,433: - node_classifier - : Train: 0.8978, Test: 0.8450
INFO:2025-03-03 19:44:10,434: - node_classifier - : epoch 99
INFO:2025-03-03 19:44:10,501: - node_classifier - : Train: 0.9023, Test: 0.8450
INFO:2025-03-03 19:44:10,512: - ExpGraphInfluenceFunction - : Model training time: 6.279881954193115
INFO:2025-03-03 19:44:10,512: - ExpGraphInfluenceFunction - : model evaluation
DEBUG:2025-03-03 19:44:10,513: - node_classifier - : generating posteriors
INFO:2025-03-03 19:44:10,561: - ExpGraphInfluenceFunction - : Evaluation cost 0.04800081253051758 seconds.
INFO:2025-03-03 19:44:10,561: - ExpGraphInfluenceFunction - : Final Test F1: 0.8450184501845017
INFO:2025-03-03 19:44:10,561: - ExpGraphInfluenceFunction - : Final Test Accuracy: 0.8450184501845018
INFO:2025-03-03 19:44:10,562: - ExpGraphInfluenceFunction - : Final Test Recall: 0.8450184501845018
INFO:2025-03-03 19:44:10,562: - ExpGraphInfluenceFunction - : Final Test Precision: 0.8450184501845018
DEBUG:2025-03-03 19:44:10,714: - node_classifier - : generating posteriors
INFO:2025-03-03 19:44:10,753: - ExpGraphInfluenceFunction - : Run 4.000000
INFO:2025-03-03 19:44:10,753: - ExpGraphInfluenceFunction - : training target models, run 4
INFO:2025-03-03 19:44:10,753: - node_classifier - : training model
INFO:2025-03-03 19:44:10,754: - node_classifier - : generate train loader
INFO:2025-03-03 19:44:10,757: - node_classifier - : generate train loader finish
INFO:2025-03-03 19:44:10,757: - node_classifier - : epoch 0
INFO:2025-03-03 19:44:10,815: - node_classifier - : Train: 0.4867, Test: 0.4686
INFO:2025-03-03 19:44:10,815: - node_classifier - : epoch 1
INFO:2025-03-03 19:44:10,869: - node_classifier - : Train: 0.5556, Test: 0.5277
INFO:2025-03-03 19:44:10,870: - node_classifier - : epoch 2
INFO:2025-03-03 19:44:10,924: - node_classifier - : Train: 0.6877, Test: 0.6863
INFO:2025-03-03 19:44:10,924: - node_classifier - : epoch 3
INFO:2025-03-03 19:44:10,981: - node_classifier - : Train: 0.7472, Test: 0.7675
INFO:2025-03-03 19:44:10,982: - node_classifier - : epoch 4
INFO:2025-03-03 19:44:11,034: - node_classifier - : Train: 0.7948, Test: 0.8044
INFO:2025-03-03 19:44:11,035: - node_classifier - : epoch 5
INFO:2025-03-03 19:44:11,090: - node_classifier - : Train: 0.8252, Test: 0.8413
INFO:2025-03-03 19:44:11,090: - node_classifier - : epoch 6
INFO:2025-03-03 19:44:11,143: - node_classifier - : Train: 0.8474, Test: 0.8376
INFO:2025-03-03 19:44:11,144: - node_classifier - : epoch 7
INFO:2025-03-03 19:44:11,199: - node_classifier - : Train: 0.8560, Test: 0.8229
INFO:2025-03-03 19:44:11,200: - node_classifier - : epoch 8
INFO:2025-03-03 19:44:11,255: - node_classifier - : Train: 0.8670, Test: 0.8266
INFO:2025-03-03 19:44:11,255: - node_classifier - : epoch 9
INFO:2025-03-03 19:44:11,311: - node_classifier - : Train: 0.8728, Test: 0.8229
INFO:2025-03-03 19:44:11,311: - node_classifier - : epoch 10
INFO:2025-03-03 19:44:11,367: - node_classifier - : Train: 0.8765, Test: 0.8266
INFO:2025-03-03 19:44:11,367: - node_classifier - : epoch 11
INFO:2025-03-03 19:44:11,424: - node_classifier - : Train: 0.8769, Test: 0.8413
INFO:2025-03-03 19:44:11,425: - node_classifier - : epoch 12
INFO:2025-03-03 19:44:11,482: - node_classifier - : Train: 0.8814, Test: 0.8450
INFO:2025-03-03 19:44:11,482: - node_classifier - : epoch 13
INFO:2025-03-03 19:44:11,538: - node_classifier - : Train: 0.8814, Test: 0.8339
INFO:2025-03-03 19:44:11,538: - node_classifier - : epoch 14
INFO:2025-03-03 19:44:11,597: - node_classifier - : Train: 0.8773, Test: 0.8487
INFO:2025-03-03 19:44:11,597: - node_classifier - : epoch 15
INFO:2025-03-03 19:44:11,659: - node_classifier - : Train: 0.8835, Test: 0.8339
INFO:2025-03-03 19:44:11,659: - node_classifier - : epoch 16
INFO:2025-03-03 19:44:11,717: - node_classifier - : Train: 0.8818, Test: 0.8266
INFO:2025-03-03 19:44:11,717: - node_classifier - : epoch 17
INFO:2025-03-03 19:44:11,777: - node_classifier - : Train: 0.8814, Test: 0.8376
INFO:2025-03-03 19:44:11,777: - node_classifier - : epoch 18
INFO:2025-03-03 19:44:11,835: - node_classifier - : Train: 0.8900, Test: 0.8376
INFO:2025-03-03 19:44:11,836: - node_classifier - : epoch 19
INFO:2025-03-03 19:44:11,894: - node_classifier - : Train: 0.8884, Test: 0.8303
INFO:2025-03-03 19:44:11,894: - node_classifier - : epoch 20
INFO:2025-03-03 19:44:11,952: - node_classifier - : Train: 0.8880, Test: 0.8339
INFO:2025-03-03 19:44:11,952: - node_classifier - : epoch 21
INFO:2025-03-03 19:44:12,012: - node_classifier - : Train: 0.8884, Test: 0.8413
INFO:2025-03-03 19:44:12,012: - node_classifier - : epoch 22
INFO:2025-03-03 19:44:12,101: - node_classifier - : Train: 0.8896, Test: 0.8524
INFO:2025-03-03 19:44:12,102: - node_classifier - : epoch 23
INFO:2025-03-03 19:44:12,168: - node_classifier - : Train: 0.8888, Test: 0.8339
INFO:2025-03-03 19:44:12,169: - node_classifier - : epoch 24
INFO:2025-03-03 19:44:12,228: - node_classifier - : Train: 0.8900, Test: 0.8413
INFO:2025-03-03 19:44:12,228: - node_classifier - : epoch 25
INFO:2025-03-03 19:44:12,286: - node_classifier - : Train: 0.8970, Test: 0.8524
INFO:2025-03-03 19:44:12,287: - node_classifier - : epoch 26
INFO:2025-03-03 19:44:12,347: - node_classifier - : Train: 0.8880, Test: 0.8229
INFO:2025-03-03 19:44:12,348: - node_classifier - : epoch 27
INFO:2025-03-03 19:44:12,404: - node_classifier - : Train: 0.8929, Test: 0.8450
INFO:2025-03-03 19:44:12,405: - node_classifier - : epoch 28
INFO:2025-03-03 19:44:12,462: - node_classifier - : Train: 0.8925, Test: 0.8561
INFO:2025-03-03 19:44:12,463: - node_classifier - : epoch 29
INFO:2025-03-03 19:44:12,523: - node_classifier - : Train: 0.8929, Test: 0.8266
INFO:2025-03-03 19:44:12,523: - node_classifier - : epoch 30
INFO:2025-03-03 19:44:12,586: - node_classifier - : Train: 0.8945, Test: 0.8376
INFO:2025-03-03 19:44:12,586: - node_classifier - : epoch 31
INFO:2025-03-03 19:44:12,649: - node_classifier - : Train: 0.8945, Test: 0.8303
INFO:2025-03-03 19:44:12,649: - node_classifier - : epoch 32
INFO:2025-03-03 19:44:12,712: - node_classifier - : Train: 0.8954, Test: 0.8339
INFO:2025-03-03 19:44:12,712: - node_classifier - : epoch 33
INFO:2025-03-03 19:44:12,776: - node_classifier - : Train: 0.8970, Test: 0.8413
INFO:2025-03-03 19:44:12,776: - node_classifier - : epoch 34
INFO:2025-03-03 19:44:12,842: - node_classifier - : Train: 0.8962, Test: 0.8561
INFO:2025-03-03 19:44:12,842: - node_classifier - : epoch 35
INFO:2025-03-03 19:44:12,903: - node_classifier - : Train: 0.8929, Test: 0.8635
INFO:2025-03-03 19:44:12,904: - node_classifier - : epoch 36
INFO:2025-03-03 19:44:12,971: - node_classifier - : Train: 0.8925, Test: 0.8376
INFO:2025-03-03 19:44:12,971: - node_classifier - : epoch 37
INFO:2025-03-03 19:44:13,036: - node_classifier - : Train: 0.8950, Test: 0.8413
INFO:2025-03-03 19:44:13,036: - node_classifier - : epoch 38
INFO:2025-03-03 19:44:13,104: - node_classifier - : Train: 0.8974, Test: 0.8561
INFO:2025-03-03 19:44:13,104: - node_classifier - : epoch 39
INFO:2025-03-03 19:44:13,164: - node_classifier - : Train: 0.8958, Test: 0.8487
INFO:2025-03-03 19:44:13,165: - node_classifier - : epoch 40
INFO:2025-03-03 19:44:13,223: - node_classifier - : Train: 0.8925, Test: 0.8339
INFO:2025-03-03 19:44:13,224: - node_classifier - : epoch 41
INFO:2025-03-03 19:44:13,289: - node_classifier - : Train: 0.8917, Test: 0.8303
INFO:2025-03-03 19:44:13,290: - node_classifier - : epoch 42
INFO:2025-03-03 19:44:13,351: - node_classifier - : Train: 0.8962, Test: 0.8450
INFO:2025-03-03 19:44:13,352: - node_classifier - : epoch 43
INFO:2025-03-03 19:44:13,419: - node_classifier - : Train: 0.8970, Test: 0.8598
INFO:2025-03-03 19:44:13,419: - node_classifier - : epoch 44
INFO:2025-03-03 19:44:13,480: - node_classifier - : Train: 0.8937, Test: 0.8376
INFO:2025-03-03 19:44:13,480: - node_classifier - : epoch 45
INFO:2025-03-03 19:44:13,547: - node_classifier - : Train: 0.8933, Test: 0.8266
INFO:2025-03-03 19:44:13,547: - node_classifier - : epoch 46
INFO:2025-03-03 19:44:13,606: - node_classifier - : Train: 0.9007, Test: 0.8376
INFO:2025-03-03 19:44:13,607: - node_classifier - : epoch 47
INFO:2025-03-03 19:44:13,666: - node_classifier - : Train: 0.8978, Test: 0.8487
INFO:2025-03-03 19:44:13,666: - node_classifier - : epoch 48
INFO:2025-03-03 19:44:13,724: - node_classifier - : Train: 0.8958, Test: 0.8303
INFO:2025-03-03 19:44:13,725: - node_classifier - : epoch 49
INFO:2025-03-03 19:44:13,788: - node_classifier - : Train: 0.9007, Test: 0.8229
INFO:2025-03-03 19:44:13,788: - node_classifier - : epoch 50
INFO:2025-03-03 19:44:13,853: - node_classifier - : Train: 0.8958, Test: 0.8450
INFO:2025-03-03 19:44:13,854: - node_classifier - : epoch 51
INFO:2025-03-03 19:44:13,921: - node_classifier - : Train: 0.8970, Test: 0.8450
INFO:2025-03-03 19:44:13,921: - node_classifier - : epoch 52
INFO:2025-03-03 19:44:14,013: - node_classifier - : Train: 0.8991, Test: 0.8339
INFO:2025-03-03 19:44:14,013: - node_classifier - : epoch 53
INFO:2025-03-03 19:44:14,077: - node_classifier - : Train: 0.8986, Test: 0.8376
INFO:2025-03-03 19:44:14,078: - node_classifier - : epoch 54
INFO:2025-03-03 19:44:14,139: - node_classifier - : Train: 0.9036, Test: 0.8339
INFO:2025-03-03 19:44:14,139: - node_classifier - : epoch 55
INFO:2025-03-03 19:44:14,196: - node_classifier - : Train: 0.8999, Test: 0.8413
INFO:2025-03-03 19:44:14,196: - node_classifier - : epoch 56
INFO:2025-03-03 19:44:14,256: - node_classifier - : Train: 0.8999, Test: 0.8450
INFO:2025-03-03 19:44:14,256: - node_classifier - : epoch 57
INFO:2025-03-03 19:44:14,315: - node_classifier - : Train: 0.8986, Test: 0.8413
INFO:2025-03-03 19:44:14,316: - node_classifier - : epoch 58
INFO:2025-03-03 19:44:14,377: - node_classifier - : Train: 0.8950, Test: 0.8376
INFO:2025-03-03 19:44:14,377: - node_classifier - : epoch 59
INFO:2025-03-03 19:44:14,436: - node_classifier - : Train: 0.8999, Test: 0.8413
INFO:2025-03-03 19:44:14,436: - node_classifier - : epoch 60
INFO:2025-03-03 19:44:14,499: - node_classifier - : Train: 0.8999, Test: 0.8450
INFO:2025-03-03 19:44:14,499: - node_classifier - : epoch 61
INFO:2025-03-03 19:44:14,564: - node_classifier - : Train: 0.8937, Test: 0.8376
INFO:2025-03-03 19:44:14,564: - node_classifier - : epoch 62
INFO:2025-03-03 19:44:14,626: - node_classifier - : Train: 0.8974, Test: 0.8303
INFO:2025-03-03 19:44:14,627: - node_classifier - : epoch 63
INFO:2025-03-03 19:44:14,692: - node_classifier - : Train: 0.9044, Test: 0.8561
INFO:2025-03-03 19:44:14,692: - node_classifier - : epoch 64
INFO:2025-03-03 19:44:14,755: - node_classifier - : Train: 0.8999, Test: 0.8635
INFO:2025-03-03 19:44:14,756: - node_classifier - : epoch 65
INFO:2025-03-03 19:44:14,824: - node_classifier - : Train: 0.9007, Test: 0.8524
INFO:2025-03-03 19:44:14,825: - node_classifier - : epoch 66
INFO:2025-03-03 19:44:14,886: - node_classifier - : Train: 0.9015, Test: 0.8376
INFO:2025-03-03 19:44:14,887: - node_classifier - : epoch 67
INFO:2025-03-03 19:44:14,953: - node_classifier - : Train: 0.9019, Test: 0.8487
INFO:2025-03-03 19:44:14,953: - node_classifier - : epoch 68
INFO:2025-03-03 19:44:15,018: - node_classifier - : Train: 0.8974, Test: 0.8413
INFO:2025-03-03 19:44:15,019: - node_classifier - : epoch 69
INFO:2025-03-03 19:44:15,082: - node_classifier - : Train: 0.8950, Test: 0.8524
INFO:2025-03-03 19:44:15,083: - node_classifier - : epoch 70
INFO:2025-03-03 19:44:15,140: - node_classifier - : Train: 0.9019, Test: 0.8339
INFO:2025-03-03 19:44:15,140: - node_classifier - : epoch 71
INFO:2025-03-03 19:44:15,200: - node_classifier - : Train: 0.8970, Test: 0.8524
INFO:2025-03-03 19:44:15,200: - node_classifier - : epoch 72
INFO:2025-03-03 19:44:15,281: - node_classifier - : Train: 0.8970, Test: 0.8672
INFO:2025-03-03 19:44:15,282: - node_classifier - : epoch 73
INFO:2025-03-03 19:44:15,340: - node_classifier - : Train: 0.8999, Test: 0.8450
INFO:2025-03-03 19:44:15,341: - node_classifier - : epoch 74
INFO:2025-03-03 19:44:15,398: - node_classifier - : Train: 0.8892, Test: 0.8303
INFO:2025-03-03 19:44:15,399: - node_classifier - : epoch 75
INFO:2025-03-03 19:44:15,482: - node_classifier - : Train: 0.8999, Test: 0.8303
INFO:2025-03-03 19:44:15,483: - node_classifier - : epoch 76
INFO:2025-03-03 19:44:15,541: - node_classifier - : Train: 0.8913, Test: 0.8339
INFO:2025-03-03 19:44:15,542: - node_classifier - : epoch 77
INFO:2025-03-03 19:44:15,601: - node_classifier - : Train: 0.9015, Test: 0.8413
INFO:2025-03-03 19:44:15,601: - node_classifier - : epoch 78
INFO:2025-03-03 19:44:15,658: - node_classifier - : Train: 0.8986, Test: 0.8524
INFO:2025-03-03 19:44:15,659: - node_classifier - : epoch 79
INFO:2025-03-03 19:44:15,716: - node_classifier - : Train: 0.8900, Test: 0.8339
INFO:2025-03-03 19:44:15,716: - node_classifier - : epoch 80
INFO:2025-03-03 19:44:15,773: - node_classifier - : Train: 0.8999, Test: 0.8450
INFO:2025-03-03 19:44:15,773: - node_classifier - : epoch 81
INFO:2025-03-03 19:44:15,830: - node_classifier - : Train: 0.8995, Test: 0.8450
INFO:2025-03-03 19:44:15,831: - node_classifier - : epoch 82
INFO:2025-03-03 19:44:15,889: - node_classifier - : Train: 0.9011, Test: 0.8450
INFO:2025-03-03 19:44:15,889: - node_classifier - : epoch 83
INFO:2025-03-03 19:44:15,947: - node_classifier - : Train: 0.8933, Test: 0.8339
INFO:2025-03-03 19:44:15,948: - node_classifier - : epoch 84
INFO:2025-03-03 19:44:16,019: - node_classifier - : Train: 0.9023, Test: 0.8450
INFO:2025-03-03 19:44:16,019: - node_classifier - : epoch 85
INFO:2025-03-03 19:44:16,076: - node_classifier - : Train: 0.9015, Test: 0.8524
INFO:2025-03-03 19:44:16,077: - node_classifier - : epoch 86
INFO:2025-03-03 19:44:16,133: - node_classifier - : Train: 0.8978, Test: 0.8413
INFO:2025-03-03 19:44:16,134: - node_classifier - : epoch 87
INFO:2025-03-03 19:44:16,191: - node_classifier - : Train: 0.8999, Test: 0.8524
INFO:2025-03-03 19:44:16,192: - node_classifier - : epoch 88
INFO:2025-03-03 19:44:16,251: - node_classifier - : Train: 0.8999, Test: 0.8487
INFO:2025-03-03 19:44:16,252: - node_classifier - : epoch 89
INFO:2025-03-03 19:44:16,309: - node_classifier - : Train: 0.8970, Test: 0.8450
INFO:2025-03-03 19:44:16,310: - node_classifier - : epoch 90
INFO:2025-03-03 19:44:16,366: - node_classifier - : Train: 0.8991, Test: 0.8598
INFO:2025-03-03 19:44:16,367: - node_classifier - : epoch 91
INFO:2025-03-03 19:44:16,432: - node_classifier - : Train: 0.8999, Test: 0.8266
INFO:2025-03-03 19:44:16,434: - node_classifier - : epoch 92
INFO:2025-03-03 19:44:16,501: - node_classifier - : Train: 0.9003, Test: 0.8450
INFO:2025-03-03 19:44:16,502: - node_classifier - : epoch 93
INFO:2025-03-03 19:44:16,571: - node_classifier - : Train: 0.8982, Test: 0.8561
INFO:2025-03-03 19:44:16,571: - node_classifier - : epoch 94
INFO:2025-03-03 19:44:16,635: - node_classifier - : Train: 0.9044, Test: 0.8376
INFO:2025-03-03 19:44:16,635: - node_classifier - : epoch 95
INFO:2025-03-03 19:44:16,703: - node_classifier - : Train: 0.8974, Test: 0.8450
INFO:2025-03-03 19:44:16,704: - node_classifier - : epoch 96
INFO:2025-03-03 19:44:16,764: - node_classifier - : Train: 0.8999, Test: 0.8413
INFO:2025-03-03 19:44:16,765: - node_classifier - : epoch 97
INFO:2025-03-03 19:44:16,826: - node_classifier - : Train: 0.8978, Test: 0.8487
INFO:2025-03-03 19:44:16,826: - node_classifier - : epoch 98
INFO:2025-03-03 19:44:16,893: - node_classifier - : Train: 0.8982, Test: 0.8598
INFO:2025-03-03 19:44:16,893: - node_classifier - : epoch 99
INFO:2025-03-03 19:44:16,965: - node_classifier - : Train: 0.8962, Test: 0.8487
INFO:2025-03-03 19:44:16,975: - ExpGraphInfluenceFunction - : Model training time: 6.221543073654175
INFO:2025-03-03 19:44:16,975: - ExpGraphInfluenceFunction - : model evaluation
DEBUG:2025-03-03 19:44:16,975: - node_classifier - : generating posteriors
INFO:2025-03-03 19:44:17,025: - ExpGraphInfluenceFunction - : Evaluation cost 0.05008554458618164 seconds.
INFO:2025-03-03 19:44:17,025: - ExpGraphInfluenceFunction - : Final Test F1: 0.8487084870848709
INFO:2025-03-03 19:44:17,025: - ExpGraphInfluenceFunction - : Final Test Accuracy: 0.8487084870848709
INFO:2025-03-03 19:44:17,025: - ExpGraphInfluenceFunction - : Final Test Recall: 0.8487084870848709
INFO:2025-03-03 19:44:17,026: - ExpGraphInfluenceFunction - : Final Test Precision: 0.8487084870848709
DEBUG:2025-03-03 19:44:17,200: - node_classifier - : generating posteriors
INFO:2025-03-03 19:44:17,243: - ExpGraphInfluenceFunction - : f1_score: avg=0.8413284132841328, std=0.006174612741948866
INFO:2025-03-03 19:44:17,243: - ExpGraphInfluenceFunction - : accuracy: avg=0.8413284132841328, std=0.006174612741948893
INFO:2025-03-03 19:44:17,244: - ExpGraphInfluenceFunction - : recall: avg=0.8413284132841328, std=0.006174612741948893
INFO:2025-03-03 19:44:17,244: - ExpGraphInfluenceFunction - : precision: avg=0.8413284132841328, std=0.006174612741948893
INFO:2025-03-03 19:44:17,244: - ExpGraphInfluenceFunction - : model training time: avg=6.314681911468506 seconds
INFO:2025-03-03 19:44:17,244: - ExpGraphInfluenceFunction - : f1_score of GIF: avg=0.8317343173431734, std=0.005005409581642281
INFO:2025-03-03 19:44:17,245: - ExpGraphInfluenceFunction - : accuracy of GIF: avg=0.8435424354243543, std=0.002952029520295202
INFO:2025-03-03 19:44:17,245: - ExpGraphInfluenceFunction - : recall of GIF: avg=0.8435424354243543, std=0.002952029520295202
INFO:2025-03-03 19:44:17,245: - ExpGraphInfluenceFunction - : precision of GIF: avg=0.8435424354243543, std=0.002952029520295202
INFO:2025-03-03 19:44:17,245: - ExpGraphInfluenceFunction - : GIF unlearning time: avg=0.2014688491821289 seconds
INFO:2025-03-03 19:58:11,675: - root - : cora_0.1_GCN_edge_0.05
INFO:2025-03-03 19:58:11,679: - data_store - : folder temp_data/processed_data/cora exists, do not need to create again.
INFO:2025-03-03 19:58:11,680: - data_store - : folder temp_data/models/cora exists, do not need to create again.
INFO:2025-03-03 19:58:11,680: - data_store - : folder temp_data/analysis_data/optimal/cora exists, do not need to create again.
INFO:2025-03-03 19:58:11,681: - data_store - : folder temp_data/analysis_data/posteriors/cora exists, do not need to create again.
